\BOOKMARK [0][-]{dummy.1}{\376\377\000A\000b\000s\000t\000r\000a\000c\000t}{}% 1
\BOOKMARK [0][-]{chapter.3}{\376\377\0001\000\040\000I\000n\000t\000r\000o\000d\000u\000c\000t\000i\000o\000n}{}% 2
\BOOKMARK [0][-]{chapter.4}{\376\377\0002\000\040\000T\000h\000e\000\040\000H\000A\000D\000E\000S\000\040\000d\000e\000t\000e\000c\000t\000o\000r}{}% 3
\BOOKMARK [0][-]{chapter.5}{\376\377\0003\000\040\000D\000e\000t\000a\000\040\000a\000n\000a\000l\000y\000s\000i\000s}{}% 4
\BOOKMARK [0][-]{chapter.6}{\376\377\0004\000\040\000N\000e\000u\000r\000a\000l\000\040\000n\000e\000t\000w\000o\000r\000k\000s}{}% 5
\BOOKMARK [1][-]{section.7}{\376\377\0004\000.\0001\000\040\000I\000n\000t\000r\000o\000d\000u\000c\000t\000i\000o\000n\000\040\000i\000n\000t\000o\000\040\000a\000r\000t\000i\000f\000i\000c\000i\000a\000l\000\040\000n\000e\000u\000r\000a\000l\000\040\000n\000e\000t\000w\000o\000r\000k\000s}{chapter.6}% 6
\BOOKMARK [1][-]{section.8}{\376\377\0004\000.\0002\000\040\000T\000h\000e\000\040\000R\000O\000C\000\040\000c\000u\000r\000v\000e\000\040\000a\000n\000d\000\040\000t\000h\000e\000\040\000o\000p\000t\000i\000m\000a\000l\000\040\000c\000l\000a\000s\000s\000i\000f\000i\000e\000r}{chapter.6}% 7
\BOOKMARK [1][-]{section.9}{\376\377\0004\000.\0003\000\040\000T\000h\000e\000\040\000d\000a\000t\000a\000-\000d\000r\000i\000v\000e\000n\000\040\000a\000p\000p\000r\000o\000a\000c\000h}{chapter.6}% 8
\BOOKMARK [1][-]{section.13}{\376\377\0004\000.\0004\000\040\000A\000p\000p\000l\000i\000c\000a\000t\000i\000o\000n\000\040\000f\000o\000r\000\040\000a\000n\000a\000l\000y\000s\000i\000s}{chapter.6}% 9
\BOOKMARK [0][-]{chapter.14}{\376\377\0005\000\040\000S\000i\000m\000u\000l\000a\000t\000i\000o\000n\000s\000\040\000o\000f\000\040\000a\000\040\000n\000e\000w\000\040\000e\000x\000p\000e\000r\000i\000m\000e\000n\000t}{}% 10
\BOOKMARK [1][-]{section.15}{\376\377\0005\000.\0001\000\040\000A\000n\000\040\000e\000s\000t\000i\000m\000a\000t\000i\000o\000n\000\040\000o\000f\000\040\000c\000r\000o\000s\000s\000-\000s\000e\000c\000t\000i\000o\000n\000s}{chapter.14}% 11
\BOOKMARK [2][-]{subsection.16}{\376\377\0005\000.\0001\000.\0001\000\040\000\050\0001\0001\0001\0006\000\051\000\040\000i\000n\000c\000l\000u\000s\000i\000v\000e\000\040\000c\000r\000o\000s\000s\000\040\000s\000e\000c\000t\000i\000o\000n\000\040}{section.15}% 12
\BOOKMARK [2][-]{subsection.18}{\376\377\0005\000.\0001\000.\0002\000\040\000\050\0001\0001\0009\0003\000\051\000\040\000i\000n\000c\000l\000u\000s\000i\000v\000e\000\040\000c\000r\000o\000s\000s\000\040\000s\000e\000c\000t\000i\000o\000n\000\040}{section.15}% 13
\BOOKMARK [2][-]{subsection.24}{\376\377\0005\000.\0001\000.\0003\000\040\000\050\0001\0005\0002\0000\000\051\000\040\000a\000n\000d\000\040\000\050\0001\0003\0008\0005\000\051\000\040\000p\000r\000o\000d\000u\000c\000t\000i\000o\000n\000\040\000c\000r\000o\000s\000s\000\040\000s\000e\000c\000t\000i\000o\000n\000s\000\040}{section.15}% 14
\BOOKMARK [2][-]{subsection.25}{\376\377\0005\000.\0001\000.\0004\000\040\000-\000\050\0001\0003\0002\0002\000\051}{section.15}% 15
\BOOKMARK [1][-]{section.26}{\376\377\0005\000.\0002\000\040\000B\000a\000c\000k\000g\000r\000o\000u\000n\000d\000\040\000c\000h\000a\000n\000n\000e\000l\000s\000\040\000s\000e\000l\000e\000c\000t\000i\000o\000n}{chapter.14}% 16
\BOOKMARK [1][-]{section.28}{\376\377\0005\000.\0003\000\040\000S\000i\000m\000u\000l\000a\000t\000i\000o\000n\000s\000\040\000r\000e\000s\000u\000l\000t\000s}{chapter.14}% 17
\BOOKMARK [0][-]{chapter.29}{\376\377\0006\000\040\000C\000o\000n\000c\000l\000u\000s\000i\000o\000n\000s}{}% 18
\BOOKMARK [0][-]{section*.30}{\376\377\000A\000p\000p\000e\000n\000d\000i\000c\000e\000s}{}% 19
\BOOKMARK [0][-]{Appendix.31}{\376\377\000A\000\040\000T\000h\000e\000\040\000d\000a\000t\000a\000-\000d\000r\000i\000v\000e\000n\000\040\000a\000p\000p\000r\000o\000a\000c\000h\000\040\000f\000o\000r\000\040\000a\000\040\000n\000e\000u\000r\000a\000l\000\040\000n\000e\000t\000w\000o\000r\000k\000\040\000t\000r\000a\000i\000n\000i\000n\000g}{}% 20
\BOOKMARK [0][-]{dummy.32}{\376\377\000A\000c\000k\000n\000o\000w\000l\000e\000d\000g\000e\000m\000e\000n\000t\000s}{}% 21
\BOOKMARK [0][-]{dummy.33}{\376\377\000B\000i\000b\000l\000i\000o\000g\000r\000a\000p\000h\000y}{}% 22
