This is pdfTeX, Version 3.14159265-2.6-1.40.20 (TeX Live 2019/Debian) (preloaded format=pdflatex 2020.10.6)  6 OCT 2020 22:16
entering extended mode
 restricted \write18 enabled.
 %&-line parsing enabled.
**main.tex
(./main.tex
LaTeX2e <2020-02-02> patch level 2
L3 programming layer <2020-02-14> (./Thesis.cls
Document Class: Thesis 2007/22/02 v1.0 LaTeX document class
(/usr/share/texlive/texmf-dist/tex/latex/base/book.cls
Document Class: book 2019/12/20 v1.4l Standard LaTeX document class
(/usr/share/texlive/texmf-dist/tex/latex/base/bk11.clo
File: bk11.clo 2019/12/20 v1.4l Standard LaTeX file (size option)
)
\c@part=\count167
\c@chapter=\count168
\c@section=\count169
\c@subsection=\count170
\c@subsubsection=\count171
\c@paragraph=\count172
\c@subparagraph=\count173
\c@figure=\count174
\c@table=\count175
\abovecaptionskip=\skip47
\belowcaptionskip=\skip48
\bibindent=\dimen134
) (./setspace.sty
Package: setspace 2011/12/19 v6.7a set line spacing
)
(./vmargin.sty
Package: vmargin 2004/07/15 V2.5 set document margins (VK)

Package: vmargin 2004/07/15 V2.5 set document margins (VK)
\PaperWidth=\dimen135
\PaperHeight=\dimen136
) (/usr/share/texlive/texmf-dist/tex/latex/fancyhdr/fancyhdr.sty
Package: fancyhdr 2019/01/31 v3.10 Extensive control of page headers and footer
s
\f@nch@headwidth=\skip49
\f@nch@O@elh=\skip50
\f@nch@O@erh=\skip51
\f@nch@O@olh=\skip52
\f@nch@O@orh=\skip53
\f@nch@O@elf=\skip54
\f@nch@O@erf=\skip55
\f@nch@O@olf=\skip56
\f@nch@O@orf=\skip57
)
(/usr/share/texlive/texmf-dist/tex/latex/amsmath/amsmath.sty
Package: amsmath 2020/01/20 v2.17e AMS math features
\@mathmargin=\skip58

For additional information on amsmath, use the `?' option.
(/usr/share/texlive/texmf-dist/tex/latex/amsmath/amstext.sty
Package: amstext 2000/06/29 v2.01 AMS text

(/usr/share/texlive/texmf-dist/tex/latex/amsmath/amsgen.sty
File: amsgen.sty 1999/11/30 v2.0 generic functions
\@emptytoks=\toks14
\ex@=\dimen137
))
(/usr/share/texlive/texmf-dist/tex/latex/amsmath/amsbsy.sty
Package: amsbsy 1999/11/29 v1.2d Bold Symbols
\pmbraise@=\dimen138
)
(/usr/share/texlive/texmf-dist/tex/latex/amsmath/amsopn.sty
Package: amsopn 2016/03/08 v2.02 operator names
)
\inf@bad=\count176
LaTeX Info: Redefining \frac on input line 227.
\uproot@=\count177
\leftroot@=\count178
LaTeX Info: Redefining \overline on input line 389.
\classnum@=\count179
\DOTSCASE@=\count180
LaTeX Info: Redefining \ldots on input line 486.
LaTeX Info: Redefining \dots on input line 489.
LaTeX Info: Redefining \cdots on input line 610.
\Mathstrutbox@=\box45
\strutbox@=\box46
\big@size=\dimen139
LaTeX Font Info:    Redeclaring font encoding OML on input line 733.
LaTeX Font Info:    Redeclaring font encoding OMS on input line 734.
\macc@depth=\count181
\c@MaxMatrixCols=\count182
\dotsspace@=\muskip16
\c@parentequation=\count183
\dspbrk@lvl=\count184
\tag@help=\toks15
\row@=\count185
\column@=\count186
\maxfields@=\count187
\andhelp@=\toks16
\eqnshift@=\dimen140
\alignsep@=\dimen141
\tagshift@=\dimen142
\tagwidth@=\dimen143
\totwidth@=\dimen144
\lineht@=\dimen145
\@envbody=\toks17
\multlinegap=\skip59
\multlinetaggap=\skip60
\mathdisplay@stack=\toks18
LaTeX Info: Redefining \[ on input line 2859.
LaTeX Info: Redefining \] on input line 2860.
)
(/usr/share/texlive/texmf-dist/tex/latex/amsfonts/amsfonts.sty
Package: amsfonts 2013/01/14 v3.01 Basic AMSFonts support
\symAMSa=\mathgroup4
\symAMSb=\mathgroup5
LaTeX Font Info:    Redeclaring math symbol \hbar on input line 98.
LaTeX Font Info:    Overwriting math alphabet `\mathfrak' in version `bold'
(Font)                  U/euf/m/n --> U/euf/b/n on input line 106.
)
(/usr/share/texlive/texmf-dist/tex/latex/amsfonts/amssymb.sty
Package: amssymb 2013/01/14 v3.01 AMS font symbols
)
(/usr/share/texlive/texmf-dist/tex/latex/amsmath/amscd.sty
Package: amscd 2017/04/14 v2.1 AMS Commutative Diagrams
\athelp@=\toks19
\minaw@=\dimen146
\bigaw@=\dimen147
\minCDarrowwidth=\dimen148
)
(/usr/share/texlive/texmf-dist/tex/latex/amscls/amsthm.sty
Package: amsthm 2017/10/31 v2.20.4
\thm@style=\toks20
\thm@bodyfont=\toks21
\thm@headfont=\toks22
\thm@notefont=\toks23
\thm@headpunct=\toks24
\thm@preskip=\skip61
\thm@postskip=\skip62
\thm@headsep=\skip63
\dth@everypar=\toks25
)
(/usr/share/texlive/texmf-dist/tex/latex/tools/xspace.sty
Package: xspace 2014/10/28 v1.13 Space after command names (DPC,MH)
)
(/usr/share/texlive/texmf-dist/tex/latex/base/ifthen.sty
Package: ifthen 2014/09/29 v1.1c Standard LaTeX ifthen package (DPC)
)
\c@example=\count188
\c@theorem=\count189
 (./caption.sty
Package: caption 2016/02/21 v3.3-144 Customizing captions (AR)

(./caption3.sty
Package: caption3 2016/05/22 v1.7-166 caption3 kernel (AR)
Package caption3 Info: TeX engine: e-TeX on input line 67.
 (/usr/share/texlive/texmf-dist/tex/latex/graphics/keyval.sty
Package: keyval 2014/10/28 v1.15 key=value parser (DPC)
\KV@toks@=\toks26
)
\captionmargin=\dimen149
\captionmargin@=\dimen150
\captionwidth=\dimen151
\caption@tempdima=\dimen152
\caption@indent=\dimen153
\caption@parindent=\dimen154
\caption@hangindent=\dimen155
)
\c@ContinuedFloat=\count190
) (/usr/share/texlive/texmf-dist/tex/latex/graphics/graphicx.sty
Package: graphicx 2019/11/30 v1.2a Enhanced LaTeX Graphics (DPC,SPQR)

(/usr/share/texlive/texmf-dist/tex/latex/graphics/graphics.sty
Package: graphics 2019/11/30 v1.4a Standard LaTeX Graphics (DPC,SPQR)

(/usr/share/texlive/texmf-dist/tex/latex/graphics/trig.sty
Package: trig 2016/01/03 v1.10 sin cos tan (DPC)
)
(/usr/share/texlive/texmf-dist/tex/latex/graphics-cfg/graphics.cfg
File: graphics.cfg 2016/06/04 v1.11 sample graphics configuration
)
Package graphics Info: Driver file: pdftex.def on input line 105.

(/usr/share/texlive/texmf-dist/tex/latex/graphics-def/pdftex.def
File: pdftex.def 2018/01/08 v1.0l Graphics/color driver for pdftex
))
\Gin@req@height=\dimen156
\Gin@req@width=\dimen157
)
(/usr/share/texlive/texmf-dist/tex/latex/epstopdf-pkg/epstopdf.sty
Package: epstopdf 2020-01-24 v2.11 Conversion with epstopdf on the fly (HO)

(/usr/share/texlive/texmf-dist/tex/generic/infwarerr/infwarerr.sty
Package: infwarerr 2019/12/03 v1.5 Providing info/warning/error messages (HO)
)
(/usr/share/texlive/texmf-dist/tex/latex/grfext/grfext.sty
Package: grfext 2019/12/03 v1.3 Manage graphics extensions (HO)

(/usr/share/texlive/texmf-dist/tex/generic/kvdefinekeys/kvdefinekeys.sty
Package: kvdefinekeys 2019-12-19 v1.6 Define keys (HO)
))
(/usr/share/texlive/texmf-dist/tex/latex/kvoptions/kvoptions.sty
Package: kvoptions 2019/11/29 v3.13 Key value format for package options (HO)

(/usr/share/texlive/texmf-dist/tex/generic/ltxcmds/ltxcmds.sty
Package: ltxcmds 2019/12/15 v1.24 LaTeX kernel commands for general use (HO)
)
(/usr/share/texlive/texmf-dist/tex/generic/kvsetkeys/kvsetkeys.sty
Package: kvsetkeys 2019/12/15 v1.18 Key value parser (HO)
))
(/usr/share/texlive/texmf-dist/tex/latex/pdftexcmds/pdftexcmds.sty
Package: pdftexcmds 2019/11/24 v0.31 Utility functions of pdfTeX for LuaTeX (HO
)

(/usr/share/texlive/texmf-dist/tex/generic/iftex/iftex.sty
Package: iftex 2019/11/07 v1.0c TeX engine tests
)
Package pdftexcmds Info: \pdf@primitive is available.
Package pdftexcmds Info: \pdf@ifprimitive is available.
Package pdftexcmds Info: \pdfdraftmode found.
)
(/usr/share/texlive/texmf-dist/tex/latex/epstopdf-pkg/epstopdf-base.sty
Package: epstopdf-base 2020-01-24 v2.11 Base part for package epstopdf
Package epstopdf-base Info: Redefining graphics rule for `.eps' on input line 4
85.
Package grfext Info: Graphics extension search list:
(grfext)             [.pdf,.png,.jpg,.mps,.jpeg,.jbig2,.jb2,.PDF,.PNG,.JPG,.JPE
G,.JBIG2,.JB2,.eps]
(grfext)             \AppendGraphicsExtensions on input line 504.

(/usr/share/texlive/texmf-dist/tex/latex/latexconfig/epstopdf-sys.cfg
File: epstopdf-sys.cfg 2010/07/13 v1.3 Configuration of (r)epstopdf for TeX Liv
e
)))
(/usr/share/texlive/texmf-dist/tex/latex/caption/subcaption.sty
Package: subcaption 2020/01/22 v1.3d Sub-captions (AR)


LaTeX Warning: You have requested, on input line 38, version
               `2020/01/03' of package caption,
               but only version
               `2016/02/21 v3.3-144 Customizing captions (AR)'
               is available.

\c@subfigure=\count191
\c@subtable=\count192
) (./booktabs.sty
Package: booktabs 2016/04/27 v1.618033 publication quality tables
\heavyrulewidth=\dimen158
\lightrulewidth=\dimen159
\cmidrulewidth=\dimen160
\belowrulesep=\dimen161
\belowbottomsep=\dimen162
\aboverulesep=\dimen163
\abovetopsep=\dimen164
\cmidrulesep=\dimen165
\cmidrulekern=\dimen166
\defaultaddspace=\dimen167
\@cmidla=\count193
\@cmidlb=\count194
\@aboverulesep=\dimen168
\@belowrulesep=\dimen169
\@thisruleclass=\count195
\@lastruleclass=\count196
\@thisrulewidth=\dimen170
)
(/usr/share/texlive/texmf-dist/tex/latex/graphics/rotating.sty
Package: rotating 2016/08/11 v2.16d rotated objects in LaTeX
\c@r@tfl@t=\count197
\rotFPtop=\skip64
\rotFPbot=\skip65
\rot@float@box=\box47
\rot@mess@toks=\toks27
)
(/usr/share/texlive/texmf-dist/tex/latex/hyperref/hyperref.sty
Package: hyperref 2020/01/14 v7.00d Hypertext links for LaTeX

(/usr/share/texlive/texmf-dist/tex/generic/pdfescape/pdfescape.sty
Package: pdfescape 2019/12/09 v1.15 Implements pdfTeX's escape features (HO)
)
(/usr/share/texlive/texmf-dist/tex/latex/hycolor/hycolor.sty
Package: hycolor 2020-01-27 v1.10 Color options for hyperref/bookmark (HO)
)
(/usr/share/texlive/texmf-dist/tex/latex/letltxmacro/letltxmacro.sty
Package: letltxmacro 2019/12/03 v1.6 Let assignment for LaTeX macros (HO)
)
(/usr/share/texlive/texmf-dist/tex/latex/auxhook/auxhook.sty
Package: auxhook 2019-12-17 v1.6 Hooks for auxiliary files (HO)
)
\@linkdim=\dimen171
\Hy@linkcounter=\count198
\Hy@pagecounter=\count199

(/usr/share/texlive/texmf-dist/tex/latex/hyperref/pd1enc.def
File: pd1enc.def 2020/01/14 v7.00d Hyperref: PDFDocEncoding definition (HO)
Now handling font encoding PD1 ...
... no UTF-8 mapping file for font encoding PD1
)
(/usr/share/texlive/texmf-dist/tex/generic/intcalc/intcalc.sty
Package: intcalc 2019/12/15 v1.3 Expandable calculations with integers (HO)
)
(/usr/share/texlive/texmf-dist/tex/generic/etexcmds/etexcmds.sty
Package: etexcmds 2019/12/15 v1.7 Avoid name clashes with e-TeX commands (HO)
)
\Hy@SavedSpaceFactor=\count266
\pdfmajorversion=\count267
Package hyperref Info: Option `bookmarks' set `true' on input line 4421.
Package hyperref Info: Option `bookmarksopen' set `true' on input line 4421.
Package hyperref Info: Option `bookmarksnumbered' set `true' on input line 4421
.
Package hyperref Info: Option `hypertexnames' set `false' on input line 4421.
Package hyperref Info: Option `colorlinks' set `true' on input line 4421.
Package hyperref Info: Option `unicode' set `true' on input line 4421.

(/usr/share/texlive/texmf-dist/tex/latex/hyperref/puenc.def
File: puenc.def 2020/01/14 v7.00d Hyperref: PDF Unicode definition (HO)
Now handling font encoding PU ...
... no UTF-8 mapping file for font encoding PU
)
Package hyperref Info: Option `breaklinks' set `true' on input line 4421.
Package hyperref Info: Hyper figures OFF on input line 4547.
Package hyperref Info: Link nesting OFF on input line 4552.
Package hyperref Info: Hyper index ON on input line 4555.
Package hyperref Info: Plain pages OFF on input line 4562.
Package hyperref Info: Backreferencing OFF on input line 4567.
Package hyperref Info: Implicit mode ON; LaTeX internals redefined.
Package hyperref Info: Bookmarks ON on input line 4800.
\c@Hy@tempcnt=\count268

(/usr/share/texlive/texmf-dist/tex/latex/url/url.sty
\Urlmuskip=\muskip17
Package: url 2013/09/16  ver 3.4  Verb mode for urls, etc.
)
LaTeX Info: Redefining \url on input line 5159.
\XeTeXLinkMargin=\dimen172

(/usr/share/texlive/texmf-dist/tex/generic/bitset/bitset.sty
Package: bitset 2019/12/09 v1.3 Handle bit-vector datatype (HO)

(/usr/share/texlive/texmf-dist/tex/generic/bigintcalc/bigintcalc.sty
Package: bigintcalc 2019/12/15 v1.5 Expandable calculations on big integers (HO
)
))
\Fld@menulength=\count269
\Field@Width=\dimen173
\Fld@charsize=\dimen174
Package hyperref Info: Hyper figures OFF on input line 6430.
Package hyperref Info: Link nesting OFF on input line 6435.
Package hyperref Info: Hyper index ON on input line 6438.
Package hyperref Info: backreferencing OFF on input line 6445.
Package hyperref Info: Link coloring ON on input line 6448.
Package hyperref Info: Link coloring with OCG OFF on input line 6455.
Package hyperref Info: PDF/A mode OFF on input line 6460.
LaTeX Info: Redefining \ref on input line 6500.
LaTeX Info: Redefining \pageref on input line 6504.

(/usr/share/texlive/texmf-dist/tex/generic/atbegshi/atbegshi.sty
Package: atbegshi 2019/12/05 v1.19 At begin shipout hook (HO)
)
\Hy@abspage=\count270
\c@Item=\count271
\c@Hfootnote=\count272
)
Package hyperref Info: Driver (autodetected): hpdftex.

(/usr/share/texlive/texmf-dist/tex/latex/hyperref/hpdftex.def
File: hpdftex.def 2020/01/14 v7.00d Hyperref driver for pdfTeX

(/usr/share/texlive/texmf-dist/tex/latex/atveryend/atveryend.sty
Package: atveryend 2019-12-11 v1.11 Hooks at the very end of document (HO)
Package atveryend Info: \enddocument detected (standard20110627).
)
\Fld@listcount=\count273
\c@bookmark@seq@number=\count274

(/usr/share/texlive/texmf-dist/tex/latex/rerunfilecheck/rerunfilecheck.sty
Package: rerunfilecheck 2019/12/05 v1.9 Rerun checks for auxiliary files (HO)

(/usr/share/texlive/texmf-dist/tex/generic/uniquecounter/uniquecounter.sty
Package: uniquecounter 2019/12/15 v1.4 Provide unlimited unique counter (HO)
)
Package uniquecounter Info: New unique counter `rerunfilecheck' on input line 2
86.
)
\Hy@SectionHShift=\skip66
)
\c@dummy=\count275

(/usr/share/texlive/texmf-dist/tex/latex/tools/longtable.sty
Package: longtable 2020/01/07 v4.13 Multi-page Table package (DPC)
\LTleft=\skip67
\LTright=\skip68
\LTpre=\skip69
\LTpost=\skip70
\LTchunksize=\count276
\LTcapwidth=\dimen175
\LT@head=\box48
\LT@firsthead=\box49
\LT@foot=\box50
\LT@lastfoot=\box51
\LT@cols=\count277
\LT@rows=\count278
\c@LT@tables=\count279
\c@LT@chunks=\count280
\LT@p@ftn=\toks28
))
(/usr/share/texlive/texmf-dist/tex/latex/natbib/natbib.sty
Package: natbib 2010/09/13 8.31b (PWD, AO)
\bibhang=\skip71
\bibsep=\skip72
LaTeX Info: Redefining \cite on input line 694.
\c@NAT@ctr=\count281
)
Package hyperref Info: Option `colorlinks' set `true' on input line 14.

(/usr/share/texlive/texmf-dist/tex/latex/base/fontenc.sty
Package: fontenc 2020/02/11 v2.0o Standard LaTeX package
)
(/usr/share/texlive/texmf-dist/tex/generic/babel/babel.sty
Package: babel 2020/02/14 3.40 The Babel package

(/usr/share/texlive/texmf-dist/tex/generic/babel/switch.def
File: switch.def 2020/02/14 3.40 Babel switching mechanism
)
(/usr/share/texlive/texmf-dist/tex/generic/babel-english/english.ldf
Language: english 2017/06/06 v3.3r English support from the babel system

(/usr/share/texlive/texmf-dist/tex/generic/babel/babel.def
File: babel.def 2020/02/14 3.40 Babel common definitions
\babel@savecnt=\count282
\U@D=\dimen176

(/usr/share/texlive/texmf-dist/tex/generic/babel/txtbabel.def)
\bbl@readstream=\read2
\bbl@dirlevel=\count283
)
Package babel Info: \l@canadian = using hyphenrules for english
(babel)             (\language0) on input line 102.
Package babel Info: \l@australian = using hyphenrules for ukenglish
(babel)             (\language3) on input line 105.
Package babel Info: \l@newzealand = using hyphenrules for ukenglish
(babel)             (\language3) on input line 108.
)
(/usr/share/texlive/texmf-dist/tex/generic/babel-polish/polish.ldf
Language: polish 2005/03/31 v1.2l Polish support from the babel system
Package babel Info: Making " an active character on input line 83.
\pl@left=\dimen177
\pl@down=\dimen178
\pl@right=\dimen179
\pl@temp=\dimen180
))
(/usr/share/texlive/texmf-dist/tex/latex/base/inputenc.sty
Package: inputenc 2018/08/11 v1.3c Input encoding file
\inpenc@prehook=\toks29
\inpenc@posthook=\toks30
) (./multirow.sty
Package: multirow 2016/11/25 v2.2 Span multiple rows of a table
\multirow@colwidth=\skip73
\multirow@cntb=\count284
\multirow@dima=\skip74
\bigstrutjot=\dimen181
)
(/usr/share/texlive/texmf-dist/tex/latex/makecell/makecell.sty
Package: makecell 2009/08/03 V0.1e Managing of Tab Column Heads and Cells

(/usr/share/texlive/texmf-dist/tex/latex/tools/array.sty
Package: array 2019/08/31 v2.4l Tabular extension package (FMi)
\col@sep=\dimen182
\ar@mcellbox=\box52
\extrarowheight=\dimen183
\NC@list=\toks31
\extratabsurround=\skip75
\backup@length=\skip76
\ar@cellbox=\box53
)
\rotheadsize=\dimen184
\c@nlinenum=\count285
\TeXr@lab=\toks32
)
(/usr/share/texlive/texmf-dist/tex/latex/pgf/frontendlayer/tikz.sty
(/usr/share/texlive/texmf-dist/tex/latex/pgf/basiclayer/pgf.sty
(/usr/share/texlive/texmf-dist/tex/latex/pgf/utilities/pgfrcs.sty
(/usr/share/texlive/texmf-dist/tex/generic/pgf/utilities/pgfutil-common.tex
\pgfutil@everybye=\toks33
\pgfutil@tempdima=\dimen185
\pgfutil@tempdimb=\dimen186

(/usr/share/texlive/texmf-dist/tex/generic/pgf/utilities/pgfutil-common-lists.t
ex)) (/usr/share/texlive/texmf-dist/tex/generic/pgf/utilities/pgfutil-latex.def
\pgfutil@abb=\box54
(/usr/share/texlive/texmf-dist/tex/latex/ms/everyshi.sty
Package: everyshi 2001/05/15 v3.00 EveryShipout Package (MS)
))
(/usr/share/texlive/texmf-dist/tex/generic/pgf/utilities/pgfrcs.code.tex
(/usr/share/texlive/texmf-dist/tex/generic/pgf/pgf.revision.tex)
Package: pgfrcs 2020/01/08 v3.1.5b (3.1.5b)
))
Package: pgf 2020/01/08 v3.1.5b (3.1.5b)

(/usr/share/texlive/texmf-dist/tex/latex/pgf/basiclayer/pgfcore.sty
(/usr/share/texlive/texmf-dist/tex/latex/pgf/systemlayer/pgfsys.sty
(/usr/share/texlive/texmf-dist/tex/generic/pgf/systemlayer/pgfsys.code.tex
Package: pgfsys 2020/01/08 v3.1.5b (3.1.5b)

(/usr/share/texlive/texmf-dist/tex/generic/pgf/utilities/pgfkeys.code.tex
\pgfkeys@pathtoks=\toks34
\pgfkeys@temptoks=\toks35

(/usr/share/texlive/texmf-dist/tex/generic/pgf/utilities/pgfkeysfiltered.code.t
ex
\pgfkeys@tmptoks=\toks36
))
\pgf@x=\dimen187
\pgf@y=\dimen188
\pgf@xa=\dimen189
\pgf@ya=\dimen190
\pgf@xb=\dimen191
\pgf@yb=\dimen192
\pgf@xc=\dimen193
\pgf@yc=\dimen194
\pgf@xd=\dimen195
\pgf@yd=\dimen196
\w@pgf@writea=\write3
\r@pgf@reada=\read3
\c@pgf@counta=\count286
\c@pgf@countb=\count287
\c@pgf@countc=\count288
\c@pgf@countd=\count289
\t@pgf@toka=\toks37
\t@pgf@tokb=\toks38
\t@pgf@tokc=\toks39
\pgf@sys@id@count=\count290
 (/usr/share/texlive/texmf-dist/tex/generic/pgf/systemlayer/pgf.cfg
File: pgf.cfg 2020/01/08 v3.1.5b (3.1.5b)
)
Driver file for pgf: pgfsys-pdftex.def

(/usr/share/texlive/texmf-dist/tex/generic/pgf/systemlayer/pgfsys-pdftex.def
File: pgfsys-pdftex.def 2020/01/08 v3.1.5b (3.1.5b)

(/usr/share/texlive/texmf-dist/tex/generic/pgf/systemlayer/pgfsys-common-pdf.de
f
File: pgfsys-common-pdf.def 2020/01/08 v3.1.5b (3.1.5b)
)))
(/usr/share/texlive/texmf-dist/tex/generic/pgf/systemlayer/pgfsyssoftpath.code.
tex
File: pgfsyssoftpath.code.tex 2020/01/08 v3.1.5b (3.1.5b)
\pgfsyssoftpath@smallbuffer@items=\count291
\pgfsyssoftpath@bigbuffer@items=\count292
)
(/usr/share/texlive/texmf-dist/tex/generic/pgf/systemlayer/pgfsysprotocol.code.
tex
File: pgfsysprotocol.code.tex 2020/01/08 v3.1.5b (3.1.5b)
)) (/usr/share/texlive/texmf-dist/tex/latex/xcolor/xcolor.sty
Package: xcolor 2016/05/11 v2.12 LaTeX color extensions (UK)

(/usr/share/texlive/texmf-dist/tex/latex/graphics-cfg/color.cfg
File: color.cfg 2016/01/02 v1.6 sample color configuration
)
Package xcolor Info: Driver file: pdftex.def on input line 225.
Package xcolor Info: Model `cmy' substituted by `cmy0' on input line 1348.
Package xcolor Info: Model `hsb' substituted by `rgb' on input line 1352.
Package xcolor Info: Model `RGB' extended on input line 1364.
Package xcolor Info: Model `HTML' substituted by `rgb' on input line 1366.
Package xcolor Info: Model `Hsb' substituted by `hsb' on input line 1367.
Package xcolor Info: Model `tHsb' substituted by `hsb' on input line 1368.
Package xcolor Info: Model `HSB' substituted by `hsb' on input line 1369.
Package xcolor Info: Model `Gray' substituted by `gray' on input line 1370.
Package xcolor Info: Model `wave' substituted by `hsb' on input line 1371.
)
(/usr/share/texlive/texmf-dist/tex/generic/pgf/basiclayer/pgfcore.code.tex
Package: pgfcore 2020/01/08 v3.1.5b (3.1.5b)

(/usr/share/texlive/texmf-dist/tex/generic/pgf/math/pgfmath.code.tex
(/usr/share/texlive/texmf-dist/tex/generic/pgf/math/pgfmathcalc.code.tex
(/usr/share/texlive/texmf-dist/tex/generic/pgf/math/pgfmathutil.code.tex)
(/usr/share/texlive/texmf-dist/tex/generic/pgf/math/pgfmathparser.code.tex
\pgfmath@dimen=\dimen197
\pgfmath@count=\count293
\pgfmath@box=\box55
\pgfmath@toks=\toks40
\pgfmath@stack@operand=\toks41
\pgfmath@stack@operation=\toks42
)
(/usr/share/texlive/texmf-dist/tex/generic/pgf/math/pgfmathfunctions.code.tex
(/usr/share/texlive/texmf-dist/tex/generic/pgf/math/pgfmathfunctions.basic.code
.tex)
(/usr/share/texlive/texmf-dist/tex/generic/pgf/math/pgfmathfunctions.trigonomet
ric.code.tex)
(/usr/share/texlive/texmf-dist/tex/generic/pgf/math/pgfmathfunctions.random.cod
e.tex)
(/usr/share/texlive/texmf-dist/tex/generic/pgf/math/pgfmathfunctions.comparison
.code.tex)
(/usr/share/texlive/texmf-dist/tex/generic/pgf/math/pgfmathfunctions.base.code.
tex)
(/usr/share/texlive/texmf-dist/tex/generic/pgf/math/pgfmathfunctions.round.code
.tex)
(/usr/share/texlive/texmf-dist/tex/generic/pgf/math/pgfmathfunctions.misc.code.
tex)
(/usr/share/texlive/texmf-dist/tex/generic/pgf/math/pgfmathfunctions.integerari
thmetics.code.tex)))
(/usr/share/texlive/texmf-dist/tex/generic/pgf/math/pgfmathfloat.code.tex
\c@pgfmathroundto@lastzeros=\count294
))
(/usr/share/texlive/texmf-dist/tex/generic/pgf/math/pgfint.code.tex)
(/usr/share/texlive/texmf-dist/tex/generic/pgf/basiclayer/pgfcorepoints.code.te
x
File: pgfcorepoints.code.tex 2020/01/08 v3.1.5b (3.1.5b)
\pgf@picminx=\dimen198
\pgf@picmaxx=\dimen199
\pgf@picminy=\dimen256
\pgf@picmaxy=\dimen257
\pgf@pathminx=\dimen258
\pgf@pathmaxx=\dimen259
\pgf@pathminy=\dimen260
\pgf@pathmaxy=\dimen261
\pgf@xx=\dimen262
\pgf@xy=\dimen263
\pgf@yx=\dimen264
\pgf@yy=\dimen265
\pgf@zx=\dimen266
\pgf@zy=\dimen267
)
(/usr/share/texlive/texmf-dist/tex/generic/pgf/basiclayer/pgfcorepathconstruct.
code.tex
File: pgfcorepathconstruct.code.tex 2020/01/08 v3.1.5b (3.1.5b)
\pgf@path@lastx=\dimen268
\pgf@path@lasty=\dimen269
)
(/usr/share/texlive/texmf-dist/tex/generic/pgf/basiclayer/pgfcorepathusage.code
.tex
File: pgfcorepathusage.code.tex 2020/01/08 v3.1.5b (3.1.5b)
\pgf@shorten@end@additional=\dimen270
\pgf@shorten@start@additional=\dimen271
)
(/usr/share/texlive/texmf-dist/tex/generic/pgf/basiclayer/pgfcorescopes.code.te
x
File: pgfcorescopes.code.tex 2020/01/08 v3.1.5b (3.1.5b)
\pgfpic=\box56
\pgf@hbox=\box57
\pgf@layerbox@main=\box58
\pgf@picture@serial@count=\count295
)
(/usr/share/texlive/texmf-dist/tex/generic/pgf/basiclayer/pgfcoregraphicstate.c
ode.tex
File: pgfcoregraphicstate.code.tex 2020/01/08 v3.1.5b (3.1.5b)
\pgflinewidth=\dimen272
)
(/usr/share/texlive/texmf-dist/tex/generic/pgf/basiclayer/pgfcoretransformation
s.code.tex
File: pgfcoretransformations.code.tex 2020/01/08 v3.1.5b (3.1.5b)
\pgf@pt@x=\dimen273
\pgf@pt@y=\dimen274
\pgf@pt@temp=\dimen275
)
(/usr/share/texlive/texmf-dist/tex/generic/pgf/basiclayer/pgfcorequick.code.tex
File: pgfcorequick.code.tex 2020/01/08 v3.1.5b (3.1.5b)
)
(/usr/share/texlive/texmf-dist/tex/generic/pgf/basiclayer/pgfcoreobjects.code.t
ex
File: pgfcoreobjects.code.tex 2020/01/08 v3.1.5b (3.1.5b)
)
(/usr/share/texlive/texmf-dist/tex/generic/pgf/basiclayer/pgfcorepathprocessing
.code.tex
File: pgfcorepathprocessing.code.tex 2020/01/08 v3.1.5b (3.1.5b)
)
(/usr/share/texlive/texmf-dist/tex/generic/pgf/basiclayer/pgfcorearrows.code.te
x
File: pgfcorearrows.code.tex 2020/01/08 v3.1.5b (3.1.5b)
\pgfarrowsep=\dimen276
)
(/usr/share/texlive/texmf-dist/tex/generic/pgf/basiclayer/pgfcoreshade.code.tex
File: pgfcoreshade.code.tex 2020/01/08 v3.1.5b (3.1.5b)
\pgf@max=\dimen277
\pgf@sys@shading@range@num=\count296
\pgf@shadingcount=\count297
)
(/usr/share/texlive/texmf-dist/tex/generic/pgf/basiclayer/pgfcoreimage.code.tex
File: pgfcoreimage.code.tex 2020/01/08 v3.1.5b (3.1.5b)

(/usr/share/texlive/texmf-dist/tex/generic/pgf/basiclayer/pgfcoreexternal.code.
tex
File: pgfcoreexternal.code.tex 2020/01/08 v3.1.5b (3.1.5b)
\pgfexternal@startupbox=\box59
))
(/usr/share/texlive/texmf-dist/tex/generic/pgf/basiclayer/pgfcorelayers.code.te
x
File: pgfcorelayers.code.tex 2020/01/08 v3.1.5b (3.1.5b)
)
(/usr/share/texlive/texmf-dist/tex/generic/pgf/basiclayer/pgfcoretransparency.c
ode.tex
File: pgfcoretransparency.code.tex 2020/01/08 v3.1.5b (3.1.5b)
)
(/usr/share/texlive/texmf-dist/tex/generic/pgf/basiclayer/pgfcorepatterns.code.
tex
File: pgfcorepatterns.code.tex 2020/01/08 v3.1.5b (3.1.5b)
)
(/usr/share/texlive/texmf-dist/tex/generic/pgf/basiclayer/pgfcorerdf.code.tex
File: pgfcorerdf.code.tex 2020/01/08 v3.1.5b (3.1.5b)
)))
(/usr/share/texlive/texmf-dist/tex/generic/pgf/modules/pgfmoduleshapes.code.tex
File: pgfmoduleshapes.code.tex 2020/01/08 v3.1.5b (3.1.5b)
\pgfnodeparttextbox=\box60
) (/usr/share/texlive/texmf-dist/tex/generic/pgf/modules/pgfmoduleplot.code.tex
File: pgfmoduleplot.code.tex 2020/01/08 v3.1.5b (3.1.5b)
)
(/usr/share/texlive/texmf-dist/tex/latex/pgf/compatibility/pgfcomp-version-0-65
.sty
Package: pgfcomp-version-0-65 2020/01/08 v3.1.5b (3.1.5b)
\pgf@nodesepstart=\dimen278
\pgf@nodesepend=\dimen279
)
(/usr/share/texlive/texmf-dist/tex/latex/pgf/compatibility/pgfcomp-version-1-18
.sty
Package: pgfcomp-version-1-18 2020/01/08 v3.1.5b (3.1.5b)
)) (/usr/share/texlive/texmf-dist/tex/latex/pgf/utilities/pgffor.sty
(/usr/share/texlive/texmf-dist/tex/latex/pgf/utilities/pgfkeys.sty
(/usr/share/texlive/texmf-dist/tex/generic/pgf/utilities/pgfkeys.code.tex))
(/usr/share/texlive/texmf-dist/tex/latex/pgf/math/pgfmath.sty
(/usr/share/texlive/texmf-dist/tex/generic/pgf/math/pgfmath.code.tex))
(/usr/share/texlive/texmf-dist/tex/generic/pgf/utilities/pgffor.code.tex
Package: pgffor 2020/01/08 v3.1.5b (3.1.5b)

(/usr/share/texlive/texmf-dist/tex/generic/pgf/math/pgfmath.code.tex)
\pgffor@iter=\dimen280
\pgffor@skip=\dimen281
\pgffor@stack=\toks43
\pgffor@toks=\toks44
))
(/usr/share/texlive/texmf-dist/tex/generic/pgf/frontendlayer/tikz/tikz.code.tex
Package: tikz 2020/01/08 v3.1.5b (3.1.5b)

(/usr/share/texlive/texmf-dist/tex/generic/pgf/libraries/pgflibraryplothandlers
.code.tex
File: pgflibraryplothandlers.code.tex 2020/01/08 v3.1.5b (3.1.5b)
\pgf@plot@mark@count=\count298
\pgfplotmarksize=\dimen282
)
\tikz@lastx=\dimen283
\tikz@lasty=\dimen284
\tikz@lastxsaved=\dimen285
\tikz@lastysaved=\dimen286
\tikz@lastmovetox=\dimen287
\tikz@lastmovetoy=\dimen288
\tikzleveldistance=\dimen289
\tikzsiblingdistance=\dimen290
\tikz@figbox=\box61
\tikz@figbox@bg=\box62
\tikz@tempbox=\box63
\tikz@tempbox@bg=\box64
\tikztreelevel=\count299
\tikznumberofchildren=\count300
\tikznumberofcurrentchild=\count301
\tikz@fig@count=\count302

(/usr/share/texlive/texmf-dist/tex/generic/pgf/modules/pgfmodulematrix.code.tex
File: pgfmodulematrix.code.tex 2020/01/08 v3.1.5b (3.1.5b)
\pgfmatrixcurrentrow=\count303
\pgfmatrixcurrentcolumn=\count304
\pgf@matrix@numberofcolumns=\count305
)
\tikz@expandcount=\count306

(/usr/share/texlive/texmf-dist/tex/generic/pgf/frontendlayer/tikz/libraries/tik
zlibrarytopaths.code.tex
File: tikzlibrarytopaths.code.tex 2020/01/08 v3.1.5b (3.1.5b)
)))
(/usr/share/texlive/texmf-dist/tex/generic/pgf/frontendlayer/tikz/libraries/tik
zlibraryarrows.code.tex
File: tikzlibraryarrows.code.tex 2020/01/08 v3.1.5b (3.1.5b)

(/usr/share/texlive/texmf-dist/tex/generic/pgf/libraries/pgflibraryarrows.code.
tex
File: pgflibraryarrows.code.tex 2020/01/08 v3.1.5b (3.1.5b)
\arrowsize=\dimen291
))
(/usr/share/texlive/texmf-dist/tex/generic/pgf/frontendlayer/tikz/libraries/tik
zlibraryshapes.code.tex
File: tikzlibraryshapes.code.tex 2020/01/08 v3.1.5b (3.1.5b)

(/usr/share/texlive/texmf-dist/tex/generic/pgf/frontendlayer/tikz/libraries/tik
zlibraryshapes.geometric.code.tex
File: tikzlibraryshapes.geometric.code.tex 2020/01/08 v3.1.5b (3.1.5b)

(/usr/share/texlive/texmf-dist/tex/generic/pgf/libraries/shapes/pgflibraryshape
s.geometric.code.tex
File: pgflibraryshapes.geometric.code.tex 2020/01/08 v3.1.5b (3.1.5b)
))
(/usr/share/texlive/texmf-dist/tex/generic/pgf/frontendlayer/tikz/libraries/tik
zlibraryshapes.misc.code.tex
File: tikzlibraryshapes.misc.code.tex 2020/01/08 v3.1.5b (3.1.5b)

(/usr/share/texlive/texmf-dist/tex/generic/pgf/libraries/shapes/pgflibraryshape
s.misc.code.tex
File: pgflibraryshapes.misc.code.tex 2020/01/08 v3.1.5b (3.1.5b)
))
(/usr/share/texlive/texmf-dist/tex/generic/pgf/frontendlayer/tikz/libraries/tik
zlibraryshapes.symbols.code.tex
File: tikzlibraryshapes.symbols.code.tex 2020/01/08 v3.1.5b (3.1.5b)

(/usr/share/texlive/texmf-dist/tex/generic/pgf/libraries/shapes/pgflibraryshape
s.symbols.code.tex
File: pgflibraryshapes.symbols.code.tex 2020/01/08 v3.1.5b (3.1.5b)
))
(/usr/share/texlive/texmf-dist/tex/generic/pgf/frontendlayer/tikz/libraries/tik
zlibraryshapes.arrows.code.tex
File: tikzlibraryshapes.arrows.code.tex 2020/01/08 v3.1.5b (3.1.5b)

(/usr/share/texlive/texmf-dist/tex/generic/pgf/libraries/shapes/pgflibraryshape
s.arrows.code.tex
File: pgflibraryshapes.arrows.code.tex 2020/01/08 v3.1.5b (3.1.5b)
))
(/usr/share/texlive/texmf-dist/tex/generic/pgf/frontendlayer/tikz/libraries/tik
zlibraryshapes.callouts.code.tex
(/usr/share/texlive/texmf-dist/tex/generic/pgf/libraries/shapes/pgflibraryshape
s.callouts.code.tex))
(/usr/share/texlive/texmf-dist/tex/generic/pgf/frontendlayer/tikz/libraries/tik
zlibraryshapes.multipart.code.tex
File: tikzlibraryshapes.multipart.code.tex 2020/01/08 v3.1.5b (3.1.5b)

(/usr/share/texlive/texmf-dist/tex/generic/pgf/libraries/shapes/pgflibraryshape
s.multipart.code.tex
File: pgflibraryshapes.multipart.code.tex 2020/01/08 v3.1.5b (3.1.5b)
\pgfnodepartlowerbox=\box65
\pgfnodeparttwobox=\box66
\pgfnodepartthreebox=\box67
\pgfnodepartfourbox=\box68
\pgfnodeparttwentybox=\box69
\pgfnodepartnineteenbox=\box70
\pgfnodeparteighteenbox=\box71
\pgfnodepartseventeenbox=\box72
\pgfnodepartsixteenbox=\box73
\pgfnodepartfifteenbox=\box74
\pgfnodepartfourteenbox=\box75
\pgfnodepartthirteenbox=\box76
\pgfnodeparttwelvebox=\box77
\pgfnodepartelevenbox=\box78
\pgfnodeparttenbox=\box79
\pgfnodepartninebox=\box80
\pgfnodeparteightbox=\box81
\pgfnodepartsevenbox=\box82
\pgfnodepartsixbox=\box83
\pgfnodepartfivebox=\box84
)))
(/usr/share/texlive/texmf-dist/tex/generic/pgf/frontendlayer/tikz/libraries/tik
zlibrarytrees.code.tex
File: tikzlibrarytrees.code.tex 2020/01/08 v3.1.5b (3.1.5b)
)
(/usr/share/texlive/texmf-dist/tex/generic/pgf/frontendlayer/tikz/libraries/tik
zlibrarybackgrounds.code.tex
File: tikzlibrarybackgrounds.code.tex 2020/01/08 v3.1.5b (3.1.5b)
\pgf@layerbox@background=\box85
\pgf@layerboxsaved@background=\box86
)
(/usr/share/texlive/texmf-dist/tex/generic/pgf/frontendlayer/tikz/libraries/tik
zlibrarysnakes.code.tex
File: tikzlibrarysnakes.code.tex 2020/01/08 v3.1.5b (3.1.5b)


Package pgf Warning: Snakes have been superseded by decorations. Please use the
 decoration libraries instead of the snakes library on input line 14.


(/usr/share/texlive/texmf-dist/tex/generic/pgf/frontendlayer/tikz/libraries/tik
zlibrarydecorations.pathmorphing.code.tex
(/usr/share/texlive/texmf-dist/tex/generic/pgf/frontendlayer/tikz/libraries/tik
zlibrarydecorations.code.tex
(/usr/share/texlive/texmf-dist/tex/generic/pgf/modules/pgfmoduledecorations.cod
e.tex
\pgfdecoratedcompleteddistance=\dimen292
\pgfdecoratedremainingdistance=\dimen293
\pgfdecoratedinputsegmentcompleteddistance=\dimen294
\pgfdecoratedinputsegmentremainingdistance=\dimen295
\pgf@decorate@distancetomove=\dimen296
\pgf@decorate@repeatstate=\count307
\pgfdecorationsegmentamplitude=\dimen297
\pgfdecorationsegmentlength=\dimen298
)
\tikz@lib@dec@box=\box87
)
(/usr/share/texlive/texmf-dist/tex/generic/pgf/libraries/decorations/pgflibrary
decorations.pathmorphing.code.tex))
(/usr/share/texlive/texmf-dist/tex/generic/pgf/frontendlayer/tikz/libraries/tik
zlibrarydecorations.pathreplacing.code.tex
(/usr/share/texlive/texmf-dist/tex/generic/pgf/libraries/decorations/pgflibrary
decorations.pathreplacing.code.tex))
(/usr/share/texlive/texmf-dist/tex/generic/pgf/frontendlayer/tikz/libraries/tik
zlibrarydecorations.shapes.code.tex
(/usr/share/texlive/texmf-dist/tex/generic/pgf/libraries/decorations/pgflibrary
decorations.shapes.code.tex)))
(/usr/share/texlive/texmf-dist/tex/generic/pgf/frontendlayer/tikz/libraries/tik
zlibrarycalc.code.tex
File: tikzlibrarycalc.code.tex 2020/01/08 v3.1.5b (3.1.5b)
)
(/usr/share/texlive/texmf-dist/tex/generic/pgf/libraries/pgflibraryarrows.meta.
code.tex
File: pgflibraryarrows.meta.code.tex 2020/01/08 v3.1.5b (3.1.5b)
\pgfarrowinset=\dimen299
\pgfarrowlength=\dimen300
\pgfarrowwidth=\dimen301
\pgfarrowlinewidth=\dimen302
) (./enumitem.sty
Package: enumitem 2011/09/28 v3.5.2 Customized lists
\labelindent=\skip77
\enit@outerparindent=\dimen303
\enit@toks=\toks45
\enit@inbox=\box88
\enitdp@description=\count308
) (./physics.sty
Package: physics 

(/usr/share/texlive/texmf-dist/tex/latex/l3packages/xparse/xparse.sty
(/usr/share/texlive/texmf-dist/tex/latex/l3kernel/expl3.sty
Package: expl3 2020-02-14 L3 programming layer (loader) 

(/usr/share/texlive/texmf-dist/tex/latex/l3backend/l3backend-pdfmode.def
File: l3backend-pdfmode.def 2020-02-03 L3 backend support: PDF mode
\l__kernel_color_stack_int=\count309
\l__pdf_internal_box=\box89
))
Package: xparse 2020-02-14 L3 Experimental document command parser
\l__xparse_current_arg_int=\count310
\g__xparse_grabber_int=\count311
\l__xparse_m_args_int=\count312
\l__xparse_v_nesting_int=\count313
))
(/usr/share/texmf/tex/latex/feynmf/feynmp.sty
Package: feynmp 1996/12/02 v1.08 LaTeX/MetaPost Feynman Diagram Package (ohl)
\@outfmf=\write4
\fmfbuf@=\toks46
\c@fmfgraph=\count314
)
(/usr/share/texlive/texmf-dist/tex/latex/feynmp-auto/feynmp-auto.sty
Package: feynmp-auto 2013/05/03 v1.1 Automatic processing of feynmp graphics

(/usr/share/texlive/texmf-dist/tex/generic/iftex/ifpdf.sty
Package: ifpdf 2019/10/25 v3.4 ifpdf legacy package. Use iftex instead.
)
(/usr/share/texlive/texmf-dist/tex/generic/iftex/ifxetex.sty
Package: ifxetex 2019/10/25 v0.7 ifxetex legacy package. Use iftex instead.
))
(/usr/share/texlive/texmf-dist/tex/latex/siunitx/siunitx.sty
Package: siunitx 2020/01/15 v2.7u A comprehensive (SI) units package

(/usr/share/texlive/texmf-dist/tex/latex/l3packages/l3keys2e/l3keys2e.sty
Package: l3keys2e 2020-02-14 LaTeX2e option processing using LaTeX3 keys
)
\l__siunitx_tmp_box=\box90
\l__siunitx_tmp_dim=\dimen304
\l__siunitx_tmp_int=\count315
\l__siunitx_number_mantissa_length_int=\count316
\l__siunitx_number_uncert_length_int=\count317
\l__siunitx_round_int=\count318
\l__siunitx_process_decimal_int=\count319
\l__siunitx_process_uncertainty_int=\count320
\l__siunitx_process_fixed_int=\count321
\l__siunitx_process_integer_min_int=\count322
\l__siunitx_process_precision_int=\count323
\l__siunitx_group_min_int=\count324
\l__siunitx_angle_marker_box=\box91
\l__siunitx_angle_unit_box=\box92
\l__siunitx_angle_marker_dim=\dimen305
\l__siunitx_angle_unit_dim=\dimen306
\l__siunitx_unit_int=\count325
\l__siunitx_unit_denominator_int=\count326
\l__siunitx_unit_numerator_int=\count327
\l__siunitx_unit_prefix_int=\count328
\l__siunitx_unit_prefix_base_int=\count329
\l__siunitx_unit_prefix_gram_int=\count330
\l__siunitx_number_product_int=\count331
\c__siunitx_one_fill_skip=\skip78
\l__siunitx_table_unit_align_skip=\skip79
\l__siunitx_table_exponent_dim=\dimen307
\l__siunitx_table_integer_dim=\dimen308
\l__siunitx_table_mantissa_dim=\dimen309
\l__siunitx_table_marker_dim=\dimen310
\l__siunitx_table_result_dim=\dimen311
\l__siunitx_table_uncert_dim=\dimen312
\l__siunitx_table_fill_pre_dim=\dimen313
\l__siunitx_table_fill_post_dim=\dimen314
\l__siunitx_table_fill_mid_dim=\dimen315
\l__siunitx_table_pre_box=\box93
\l__siunitx_table_post_box=\box94
\l__siunitx_table_mantissa_box=\box95
\l__siunitx_table_result_box=\box96
\l__siunitx_table_number_align_skip=\skip80
\l__siunitx_table_text_align_skip=\skip81

(/usr/share/texlive/texmf-dist/tex/latex/translator/translator.sty
Package: translator 2019-05-31 v1.12a Easy translation of strings in LaTeX
))
(./algorithm2e.sty
Package: algorithm2e 2013/01/06 v5.00 algorithms environments
\c@AlgoLine=\count332
\algocf@hangindent=\skip82
 (./relsize.sty
Package: relsize 2013/03/29 ver 4.1
)
********************************************************
Package `algorithm2e' Release 5.1 -- october 19 2015 --
- algorithm2e-announce@lirmm.fr mailing list for announcement about releases
- algorithm2e-discussion@lirmm.fr mailing list for discussion about package
subscribe by emailing sympa@lirmm.fr with 'subscribe <list> <firstname name>'
- Author: Christophe Fiorio (christophe.fiorio@umontpellier.fr)
********************************************************
\skiptotal=\skip83
\skiplinenumber=\skip84
\skiprule=\skip85
\skiphlne=\skip86
\skiptext=\skip87
\skiplength=\skip88
\algomargin=\skip89
\skipalgocfslide=\skip90
\algowidth=\dimen316
\inoutsize=\dimen317
\inoutindent=\dimen318
\interspacetitleruled=\dimen319
\interspacealgoruled=\dimen320
\interspacetitleboxruled=\dimen321
\algocf@ruledwidth=\skip91
\algocf@inoutbox=\box97
\algocf@inputbox=\box98
\AlCapSkip=\skip92
\AlCapHSkip=\skip93
\algoskipindent=\skip94
\algocf@nlbox=\box99
\algocf@hangingbox=\box100
\algocf@untilbox=\box101
\algocf@skipuntil=\skip95
\algocf@capbox=\box102
\algoheightruledefault=\skip96
\algoheightrule=\skip97
\algotitleheightruledefault=\skip98
\algotitleheightrule=\skip99
\c@algocfline=\count333
\c@algocfproc=\count334
\c@algocf=\count335
\algocf@algoframe=\box103
\algocf@algobox=\box104
) (/usr/share/texlive/texmf-dist/tex/latex/lipsum/lipsum.sty
Package: lipsum 2019/01/02 v2.2 150 paragraphs of Lorem Ipsum dummy text

(/usr/share/texlive/texmf-dist/tex/latex/lipsum/lipsum.ltd.tex
File: lipsum.ltd.tex 2019/01/02 v2.2 The Lorem ipsum dummy text
))
(/usr/share/texlive/texmf-dist/tex/latex/appendix/appendix.sty
Package: appendix 2020/02/08 v1.2c extra appendix facilities
\c@@pps=\count336
\c@@ppsavesec=\count337
\c@@ppsaveapp=\count338
)
(/usr/share/texlive/texmf-dist/tex/latex/etoolbox/etoolbox.sty
Package: etoolbox 2019/09/21 v2.5h e-TeX tools for LaTeX (JAW)
\etb@tempcnta=\count339
)
(/usr/share/texlive/texmf-dist/tex/latex/tools/tabularx.sty
Package: tabularx 2020/01/15 v2.11c `tabularx' package (DPC)
\TX@col@width=\dimen322
\TX@old@table=\dimen323
\TX@old@col=\dimen324
\TX@target=\dimen325
\TX@delta=\dimen326
\TX@cols=\count340
\TX@ftn=\toks47
)
(/usr/share/texlive/texmf-dist/tex/latex/tools/multicol.sty
Package: multicol 2019/12/09 v1.8y multicolumn formatting (FMi)
\c@tracingmulticols=\count341
\mult@box=\box105
\multicol@leftmargin=\dimen327
\c@unbalance=\count342
\c@collectmore=\count343
\doublecol@number=\count344
\multicoltolerance=\count345
\multicolpretolerance=\count346
\full@width=\dimen328
\page@free=\dimen329
\premulticols=\dimen330
\postmulticols=\dimen331
\multicolsep=\skip100
\multicolbaselineskip=\skip101
\partial@page=\box106
\last@line=\box107
\maxbalancingoverflow=\dimen332
\mult@rightbox=\box108
\mult@grightbox=\box109
\mult@gfirstbox=\box110
\mult@firstbox=\box111
\@tempa=\box112
\@tempa=\box113
\@tempa=\box114
\@tempa=\box115
\@tempa=\box116
\@tempa=\box117
\@tempa=\box118
\@tempa=\box119
\@tempa=\box120
\@tempa=\box121
\@tempa=\box122
\@tempa=\box123
\@tempa=\box124
\@tempa=\box125
\@tempa=\box126
\@tempa=\box127
\@tempa=\box128
\@tempa=\box129
\@tempa=\box130
\@tempa=\box131
\@tempa=\box132
\@tempa=\box133
\@tempa=\box134
\@tempa=\box135
\@tempa=\box136
\@tempa=\box137
\@tempa=\box138
\@tempa=\box139
\@tempa=\box140
\@tempa=\box141
\@tempa=\box142
\@tempa=\box143
\@tempa=\box144
\@tempa=\box145
\@tempa=\box146
\@tempa=\box147
\@tempa=\box148
\c@minrows=\count347
\c@columnbadness=\count348
\c@finalcolumnbadness=\count349
\last@try=\dimen333
\multicolovershoot=\dimen334
\multicolundershoot=\dimen335
\mult@nat@firstbox=\box149
\colbreak@box=\box150
\mc@col@check@num=\count350
)
(/usr/share/texlive/texmf-dist/tex/latex/adjustbox/adjustbox.sty
Package: adjustbox 2019/01/04 v1.2 Adjusting TeX boxes (trim, clip, ...)

(/usr/share/texlive/texmf-dist/tex/latex/xkeyval/xkeyval.sty
Package: xkeyval 2014/12/03 v2.7a package option processing (HA)

(/usr/share/texlive/texmf-dist/tex/generic/xkeyval/xkeyval.tex
(/usr/share/texlive/texmf-dist/tex/generic/xkeyval/xkvutils.tex
\XKV@toks=\toks48
\XKV@tempa@toks=\toks49
)
\XKV@depth=\count351
File: xkeyval.tex 2014/12/03 v2.7a key=value parser (HA)
))
(/usr/share/texlive/texmf-dist/tex/latex/adjustbox/adjcalc.sty
Package: adjcalc 2012/05/16 v1.1 Provides advanced setlength with multiple back
-ends (calc, etex, pgfmath)
)
(/usr/share/texlive/texmf-dist/tex/latex/adjustbox/trimclip.sty
Package: trimclip 2018/04/08 v1.1 Trim and clip general TeX material

(/usr/share/texlive/texmf-dist/tex/latex/collectbox/collectbox.sty
Package: collectbox 2012/05/17 v0.4b Collect macro arguments as boxes
\collectedbox=\box151
)
\tc@llx=\dimen336
\tc@lly=\dimen337
\tc@urx=\dimen338
\tc@ury=\dimen339
Package trimclip Info: Using driver 'tc-pdftex.def'.

(/usr/share/texlive/texmf-dist/tex/latex/adjustbox/tc-pdftex.def
File: tc-pdftex.def 2019/01/04 v2.2 Clipping driver for pdftex
))
\adjbox@Width=\dimen340
\adjbox@Height=\dimen341
\adjbox@Depth=\dimen342
\adjbox@Totalheight=\dimen343
\adjbox@pwidth=\dimen344
\adjbox@pheight=\dimen345
\adjbox@pdepth=\dimen346
\adjbox@ptotalheight=\dimen347

(/usr/share/texlive/texmf-dist/tex/latex/ifoddpage/ifoddpage.sty
Package: ifoddpage 2016/04/23 v1.1 Conditionals for odd/even page detection
\c@checkoddpage=\count352
)
(/usr/share/texlive/texmf-dist/tex/latex/varwidth/varwidth.sty
Package: varwidth 2009/03/30 ver 0.92;  Variable-width minipages
\@vwid@box=\box152
\sift@deathcycles=\count353
\@vwid@loff=\dimen348
\@vwid@roff=\dimen349
))
(/usr/share/texlive/texmf-dist/tex/latex/psnfss/times.sty
Package: times 2005/04/12 PSNFSS-v9.2a (SPQR) 
)
(/usr/share/texlive/texmf-dist/tex/latex/csquotes/csquotes.sty
Package: csquotes 2019-12-06 v5.2j context-sensitive quotations (JAW)
\csq@reset=\count354
\csq@gtype=\count355
\csq@glevel=\count356
\csq@qlevel=\count357
\csq@maxlvl=\count358
\csq@tshold=\count359
\csq@ltx@everypar=\toks50

(/usr/share/texlive/texmf-dist/tex/latex/csquotes/csquotes.def
File: csquotes.def 2019-12-06 v5.2j csquotes generic definitions (JAW)
)
Package csquotes Info: Trying to load configuration file 'csquotes.cfg'...
Package csquotes Info: ... configuration file loaded successfully.

(/usr/share/texlive/texmf-dist/tex/latex/csquotes/csquotes.cfg
File: csquotes.cfg 
))
(/usr/share/texlive/texmf-dist/tex/latex/mhchem/mhchem.sty
Package: mhchem 2018/06/22 v4.08 for typesetting chemical formulae

(/usr/share/texlive/texmf-dist/tex/latex/tools/calc.sty
Package: calc 2017/05/25 v4.3 Infix arithmetic (KKT,FJ)
\calc@Acount=\count360
\calc@Bcount=\count361
\calc@Adimen=\dimen350
\calc@Bdimen=\dimen351
\calc@Askip=\skip102
\calc@Bskip=\skip103
LaTeX Info: Redefining \setlength on input line 80.
LaTeX Info: Redefining \addtolength on input line 81.
\calc@Ccount=\count362
\calc@Cskip=\skip104
)
(/usr/share/texlive/texmf-dist/tex/latex/chemgreek/chemgreek.sty
Package: chemgreek 2020/01/16 v1.1a interface for upright Greek letters for use
 in chemistry (CN)
\l__chemgreek_tmpa_int=\count363
\g__chemgreek_tmpa_int=\count364
)
\l__mhchem_ce_distanceFromLastComma_int=\count365
\__mhchem_arrow_extPgfLength_skip=\skip105
\mhchem@minispace@tmp=\skip106
\mhchem@minibackspace@tmp=\skip107
\mhchem@bondwidth=\skip108
\mhchem@bondheight=\skip109
\mhchem@smallbondwidth@tmpA=\skip110
\mhchem@smallbondwidth@tmpB=\skip111
\mhchem@smallbondwidth=\skip112
\mhchem@bondtmp@minussidebearingleft=\skip113
\mhchem@bondtmp@minussidebearingright=\skip114
\l__mhchem_option_version_int=\count366
\mhchem@option@minusmathsidebearingleft=\dimen352
\mhchem@option@minusmathsidebearingright=\dimen353
\mhchem@option@minustextsidebearingleft=\dimen354
\mhchem@option@minustextsidebearingright=\dimen355
)
(/usr/share/texlive/texmf-dist/tex/latex/l3packages/xfrac/xfrac.sty
(/usr/share/texlive/texmf-dist/tex/latex/base/textcomp.sty
Package: textcomp 2020/02/02 v2.0n Standard LaTeX package
)
(/usr/share/texlive/texmf-dist/tex/latex/l3packages/xtemplate/xtemplate.sty
Package: xtemplate 2020-02-14 L3 Experimental prototype document functions
\l__xtemplate_tmp_dim=\dimen356
\l__xtemplate_tmp_int=\count367
\l__xtemplate_tmp_muskip=\muskip18
\l__xtemplate_tmp_skip=\skip115
)
Package: xfrac 2020-02-14 L3 Experimental split-level fractions
\l__xfrac_slash_box=\box153
\l__xfrac_tmp_box=\box154
\l__xfrac_denominator_bot_sep_dim=\dimen357
\l__xfrac_numerator_bot_sep_dim=\dimen358
\l__xfrac_numerator_top_sep_dim=\dimen359
\l__xfrac_slash_left_sep_dim=\dimen360
\l__xfrac_slash_right_sep_dim=\dimen361
\l__xfrac_slash_left_muskip=\muskip19
\l__xfrac_slash_right_muskip=\muskip20

Package xtemplate Info: Declaring object type 'xfrac' taking 3 argument(s) on
(xtemplate)             line 80.

)
(/usr/share/texlive/texmf-dist/tex/latex/lineno/lineno.sty
Package: lineno 2005/11/02 line numbers on paragraphs v4.41
\linenopenalty=\count368
\output=\toks51
\linenoprevgraf=\count369
\linenumbersep=\dimen362
\linenumberwidth=\dimen363
\c@linenumber=\count370
\c@pagewiselinenumber=\count371
\c@LN@truepage=\count372
\c@internallinenumber=\count373
\c@internallinenumbers=\count374
\quotelinenumbersep=\dimen364
\bframerule=\dimen365
\bframesep=\dimen366
\bframebox=\box155


LaTeX Warning: Command \@parboxrestore  has changed.
               Check if current package is valid.

LaTeX Info: Redefining \\ on input line 3056.
)
Package csquotes Info: Checking for multilingual support...
Package csquotes Info: ... found 'babel' package.
Package csquotes Info: Adjusting default style.
Package csquotes Info: Redefining alias 'default' -> 'polish'.
 (./main.aux)
\openout1 = `main.aux'.

LaTeX Font Info:    Checking defaults for OML/cmm/m/it on input line 66.
LaTeX Font Info:    ... okay on input line 66.
LaTeX Font Info:    Checking defaults for OMS/cmsy/m/n on input line 66.
LaTeX Font Info:    ... okay on input line 66.
LaTeX Font Info:    Checking defaults for OT1/cmr/m/n on input line 66.
LaTeX Font Info:    ... okay on input line 66.
LaTeX Font Info:    Checking defaults for T1/cmr/m/n on input line 66.
LaTeX Font Info:    ... okay on input line 66.
LaTeX Font Info:    Checking defaults for TS1/cmr/m/n on input line 66.
LaTeX Font Info:    ... okay on input line 66.
LaTeX Font Info:    Checking defaults for OMX/cmex/m/n on input line 66.
LaTeX Font Info:    ... okay on input line 66.
LaTeX Font Info:    Checking defaults for U/cmr/m/n on input line 66.
LaTeX Font Info:    ... okay on input line 66.
LaTeX Font Info:    Checking defaults for PD1/pdf/m/n on input line 66.
LaTeX Font Info:    ... okay on input line 66.
LaTeX Font Info:    Checking defaults for PU/pdf/m/n on input line 66.
LaTeX Font Info:    ... okay on input line 66.
LaTeX Font Info:    Trying to load font information for T1+ptm on input line 66
.
 (/usr/share/texlive/texmf-dist/tex/latex/psnfss/t1ptm.fd
File: t1ptm.fd 2001/06/04 font definitions for T1/ptm.
)
Package caption Info: Begin \AtBeginDocument code.
Package caption Info: hyperref package is loaded.
Package caption Info: longtable package is loaded.

(/usr/share/texlive/texmf-dist/tex/latex/caption/ltcaption.sty
Package: ltcaption 2018/08/26 v1.4a longtable captions (AR)
)
Package caption Info: rotating package is loaded.
Package caption Info: End \AtBeginDocument code.

(/usr/share/texlive/texmf-dist/tex/context/base/mkii/supp-pdf.mkii
[Loading MPS to PDF converter (version 2006.09.02).]
\scratchcounter=\count375
\scratchdimen=\dimen367
\scratchbox=\box156
\nofMPsegments=\count376
\nofMParguments=\count377
\everyMPshowfont=\toks52
\MPscratchCnt=\count378
\MPscratchDim=\dimen368
\MPnumerator=\count379
\makeMPintoPDFobject=\count380
\everyMPtoPDFconversion=\toks53
)
\AtBeginShipoutBox=\box157
Package hyperref Info: Link coloring ON on input line 66.
 (/usr/share/texlive/texmf-dist/tex/latex/hyperref/nameref.sty
Package: nameref 2019/09/16 v2.46 Cross-referencing by name of section

(/usr/share/texlive/texmf-dist/tex/latex/refcount/refcount.sty
Package: refcount 2019/12/15 v3.6 Data extraction from label references (HO)
)
(/usr/share/texlive/texmf-dist/tex/generic/gettitlestring/gettitlestring.sty
Package: gettitlestring 2019/12/15 v1.6 Cleanup title references (HO)
)
\c@section@level=\count381
)
LaTeX Info: Redefining \ref on input line 66.
LaTeX Info: Redefining \pageref on input line 66.
LaTeX Info: Redefining \nameref on input line 66.

(./main.out) (./main.out)
\@outlinefile=\write5
\openout5 = `main.out'.

 ABD: EveryShipout initializing macros
(/usr/share/texlive/texmf-dist/tex/latex/translator/translator-basic-dictionary
-English.dict
Dictionary: translator-basic-dictionary, Language: English 
)
(/usr/share/texlive/texmf-dist/tex/latex/siunitx/siunitx-abbreviations.cfg
File: siunitx-abbreviations.cfg 2017/11/26 v2.7k siunitx: Abbreviated units
)

Package chemgreek Info: Activating mapping `default' on line 66.

LaTeX Font Info:    Trying to load font information for U+msa on input line 66.


(/usr/share/texlive/texmf-dist/tex/latex/amsfonts/umsa.fd
File: umsa.fd 2013/01/14 v3.01 AMS symbols A
)
LaTeX Font Info:    Trying to load font information for U+msb on input line 66.


(/usr/share/texlive/texmf-dist/tex/latex/amsfonts/umsb.fd
File: umsb.fd 2013/01/14 v3.01 AMS symbols B
) (./myHacks.tex)
------------------------------------------------------------------------------
 Title Page
------------------------------------------------------------------------------
<uj.jpg, id=232, 263.5446pt x 423.5022pt>
File: uj.jpg Graphic file (type jpg)
<use uj.jpg>
Package pdftex.def Info: uj.jpg  used on input line 97.
(pdftex.def)             Requested size: 70.8242pt x 113.81102pt.
[1



{/var/lib/texmf/fonts/map/pdftex/updmap/pdftex.map} <./uj.jpg>] [2

]
(./FrontMatter/statement.tex
Underfull \hbox (badness 10000) in paragraph at lines 7--9

 []

) [3


] [4

] [5] [6

]
------------------------------------------------------------------------------
 Abstract Page
------------------------------------------------------------------------------
(./Abstract.tex) [7] [8

]
------------------------------------------------------------------------------
 Abstract Page
------------------------------------------------------------------------------
(./Streszczenie.tex) [9] [10

]
------------------------------------------------------------------------------
 Table of Contents
------------------------------------------------------------------------------
(./main.toc [11

])
\tf@toc=\write6
\openout6 = `main.toc'.

 [12] (./Chapter_introduction/introduction.tex
Chapter 1.
[1



]
Package epstopdf Info: Source file: <Chapter_introduction/eightfolds.eps>
(epstopdf)                    date: 2020-05-05 22:19:02
(epstopdf)                    size: 99435 bytes
(epstopdf)             Output file: <Chapter_introduction/eightfolds-eps-conver
ted-to.pdf>
(epstopdf)                    date: 2020-05-05 22:26:39
(epstopdf)                    size: 54892 bytes
(epstopdf)             Command: <repstopdf --outfile=Chapter_introduction/eight
folds-eps-converted-to.pdf Chapter_introduction/eightfolds.eps>
(epstopdf)             \includegraphics on input line 16.
Package epstopdf Info: Output file is already uptodate.


pdfTeX warning: pdflatex (file ./Chapter_introduction/eightfolds-eps-converted-
to.pdf): PDF inclusion: found PDF version <1.7>, but at most version <1.5> allo
wed
<Chapter_introduction/eightfolds-eps-converted-to.pdf, id=419, 710.655pt x 359.
3425pt>
File: Chapter_introduction/eightfolds-eps-converted-to.pdf Graphic file (type p
df)
<use Chapter_introduction/eightfolds-eps-converted-to.pdf>
Package pdftex.def Info: Chapter_introduction/eightfolds-eps-converted-to.pdf  
used on input line 16.
(pdftex.def)             Requested size: 384.68576pt x 194.51909pt.
<Chapter_introduction/spectrum.png, id=422, 991.705pt x 634.37pt>
File: Chapter_introduction/spectrum.png Graphic file (type png)
<use Chapter_introduction/spectrum.png>
Package pdftex.def Info: Chapter_introduction/spectrum.png  used on input line 
25.
(pdftex.def)             Requested size: 423.15956pt x 270.68297pt.
[2 <./Chapter_introduction/eightfolds-eps-converted-to.pdf>]
Overfull \hbox (31.56392pt too wide) detected at line 41
[][][][] \OT1/cmr/m/n/10.95 = [] [] [] \OML/cmm/m/it/10.95 ;
 []

[3 <./Chapter_introduction/spectrum.png>]
Package epstopdf Info: Source file: <Chapter_introduction/faynmannDiagrams.eps>

(epstopdf)                    date: 2020-04-09 13:11:46
(epstopdf)                    size: 74664 bytes
(epstopdf)             Output file: <Chapter_introduction/faynmannDiagrams-eps-
converted-to.pdf>
(epstopdf)                    date: 2020-04-09 13:12:23
(epstopdf)                    size: 30594 bytes
(epstopdf)             Command: <repstopdf --outfile=Chapter_introduction/faynm
annDiagrams-eps-converted-to.pdf Chapter_introduction/faynmannDiagrams.eps>
(epstopdf)             \includegraphics on input line 59.
Package epstopdf Info: Output file is already uptodate.


pdfTeX warning: pdflatex (file ./Chapter_introduction/faynmannDiagrams-eps-conv
erted-to.pdf): PDF inclusion: found PDF version <1.7>, but at most version <1.5
> allowed
<Chapter_introduction/faynmannDiagrams-eps-converted-to.pdf, id=456, 696.6025pt
 x 233.87375pt>
File: Chapter_introduction/faynmannDiagrams-eps-converted-to.pdf Graphic file (
type pdf)
<use Chapter_introduction/faynmannDiagrams-eps-converted-to.pdf>
Package pdftex.def Info: Chapter_introduction/faynmannDiagrams-eps-converted-to
.pdf  used on input line 59.
(pdftex.def)             Requested size: 384.68576pt x 129.15196pt.
) (./Chapter_detector/detector.tex [4 <./Chapter_introduction/faynmannDiagrams-
eps-converted-to.pdf>]
Chapter 2.

Overfull \hbox (46.99608pt too wide) in paragraph at lines 3--4
\T1/ptm/m/n/10.95 C+C@2 GeV, Ar+KCl@1.765 GeV/u, p+p@1.25 GeV, p+p@3.5 GeV, d+p
@1.25 GeV/u, p+Nb@3.5 GeV/u,
 []

Package epstopdf Info: Source file: <Chapter_detector/detektor.eps>
(epstopdf)                    date: 2020-08-10 16:54:11
(epstopdf)                    size: 1340652 bytes
(epstopdf)             Output file: <Chapter_detector/detektor-eps-converted-to
.pdf>
(epstopdf)                    date: 2020-08-10 16:58:36
(epstopdf)                    size: 1742212 bytes
(epstopdf)             Command: <repstopdf --outfile=Chapter_detector/detektor-
eps-converted-to.pdf Chapter_detector/detektor.eps>
(epstopdf)             \includegraphics on input line 8.
Package epstopdf Info: Output file is already uptodate.


pdfTeX warning: pdflatex (file ./Chapter_detector/detektor-eps-converted-to.pdf
): PDF inclusion: found PDF version <1.7>, but at most version <1.5> allowed
<Chapter_detector/detektor-eps-converted-to.pdf, id=478, 831.105pt x 834.11626p
t>
File: Chapter_detector/detektor-eps-converted-to.pdf Graphic file (type pdf)
<use Chapter_detector/detektor-eps-converted-to.pdf>
Package pdftex.def Info: Chapter_detector/detektor-eps-converted-to.pdf  used o
n input line 8.
(pdftex.def)             Requested size: 299.20076pt x 300.28162pt.
[5

] [6 <./Chapter_detector/detektor-eps-converted-to.pdf>]
<Chapter_detector/RICH.png, id=494, 329.47546pt x 305.80624pt>
File: Chapter_detector/RICH.png Graphic file (type png)
<use Chapter_detector/RICH.png>
Package pdftex.def Info: Chapter_detector/RICH.png  used on input line 28.
(pdftex.def)             Requested size: 256.46152pt x 238.03795pt.
<Chapter_detector/HADES.png, id=499, 665.2052pt x 501.7947pt>
File: Chapter_detector/HADES.png Graphic file (type png)
<use Chapter_detector/HADES.png>
Package pdftex.def Info: Chapter_detector/HADES.png  used on input line 36.
(pdftex.def)             Requested size: 256.46152pt x 193.46336pt.

Overfull \hbox (25.85966pt too wide) in paragraph at lines 33--39
\T1/ptm/m/n/10.95 Currently HADES is in-ten-sively up-graded to face a new phys
-i-cal pro-gram. A brand new \T1/ptm/b/n/10.95 E\T1/ptm/m/n/10.95 lectromagneti
c
 []

[7]
Package epstopdf Info: Source file: <Chapter_detector/FwDet.eps>
(epstopdf)                    date: 2020-08-10 21:28:46
(epstopdf)                    size: 2149469 bytes
(epstopdf)             Output file: <Chapter_detector/FwDet-eps-converted-to.pd
f>
(epstopdf)                    date: 2020-08-10 21:34:56
(epstopdf)                    size: 974964 bytes
(epstopdf)             Command: <repstopdf --outfile=Chapter_detector/FwDet-eps
-converted-to.pdf Chapter_detector/FwDet.eps>
(epstopdf)             \includegraphics on input line 45.
Package epstopdf Info: Output file is already uptodate.


pdfTeX warning: pdflatex (file ./Chapter_detector/FwDet-eps-converted-to.pdf): 
PDF inclusion: found PDF version <1.7>, but at most version <1.5> allowed
<Chapter_detector/FwDet-eps-converted-to.pdf, id=510, 865.2325pt x 431.6125pt>
File: Chapter_detector/FwDet-eps-converted-to.pdf Graphic file (type pdf)
<use Chapter_detector/FwDet-eps-converted-to.pdf>
Package pdftex.def Info: Chapter_detector/FwDet-eps-converted-to.pdf  used on i
nput line 45.
(pdftex.def)             Requested size: 256.46152pt x 127.93048pt.
[8 <./Chapter_detector/RICH.png> <./Chapter_detector/HADES.png>])
(./Chapter_analysis/analysis.tex [9 <./Chapter_detector/FwDet-eps-converted-to.
pdf>] [10

]
Chapter 3.
Package epstopdf Info: Source file: <Chapter_analysis/tarcza.eps>
(epstopdf)                    date: 2020-07-28 22:29:29
(epstopdf)                    size: 3133452 bytes
(epstopdf)             Output file: <Chapter_analysis/tarcza-eps-converted-to.p
df>
(epstopdf)                    date: 2020-07-29 00:02:00
(epstopdf)                    size: 1327751 bytes
(epstopdf)             Command: <repstopdf --outfile=Chapter_analysis/tarcza-ep
s-converted-to.pdf Chapter_analysis/tarcza.eps>
(epstopdf)             \includegraphics on input line 13.
Package epstopdf Info: Output file is already uptodate.


pdfTeX warning: pdflatex (file ./Chapter_analysis/tarcza-eps-converted-to.pdf):
 PDF inclusion: found PDF version <1.7>, but at most version <1.5> allowed
<Chapter_analysis/tarcza-eps-converted-to.pdf, id=535, 594.22pt x 596.2275pt>
File: Chapter_analysis/tarcza-eps-converted-to.pdf Graphic file (type pdf)
<use Chapter_analysis/tarcza-eps-converted-to.pdf>
Package pdftex.def Info: Chapter_analysis/tarcza-eps-converted-to.pdf  used on 
input line 13.
(pdftex.def)             Requested size: 299.20076pt x 300.22368pt.
[11] [12 <./Chapter_analysis/tarcza-eps-converted-to.pdf>]
<Chapter_analysis/DeDx_PPim.jpg, id=567, 225.4824pt x 124.3044pt>
File: Chapter_analysis/DeDx_PPim.jpg Graphic file (type jpg)
<use Chapter_analysis/DeDx_PPim.jpg>
Package pdftex.def Info: Chapter_analysis/DeDx_PPim.jpg  used on input line 78.

(pdftex.def)             Requested size: 384.68576pt x 212.08093pt.
 [13]
Package epstopdf Info: Source file: <Chapter_analysis/mult.eps>
(epstopdf)                    date: 2020-07-25 23:16:03
(epstopdf)                    size: 12843 bytes
(epstopdf)             Output file: <Chapter_analysis/mult-eps-converted-to.pdf
>
(epstopdf)                    date: 2020-07-25 23:30:41
(epstopdf)                    size: 10597 bytes
(epstopdf)             Command: <repstopdf --outfile=Chapter_analysis/mult-eps-
converted-to.pdf Chapter_analysis/mult.eps>
(epstopdf)             \includegraphics on input line 91.
Package epstopdf Info: Output file is already uptodate.


pdfTeX warning: pdflatex (file ./Chapter_analysis/mult-eps-converted-to.pdf): P
DF inclusion: found PDF version <1.7>, but at most version <1.5> allowed
<Chapter_analysis/mult-eps-converted-to.pdf, id=578, 569.12625pt x 472.76625pt>

File: Chapter_analysis/mult-eps-converted-to.pdf Graphic file (type pdf)
<use Chapter_analysis/mult-eps-converted-to.pdf>
Package pdftex.def Info: Chapter_analysis/mult-eps-converted-to.pdf  used on in
put line 91.
(pdftex.def)             Requested size: 299.20076pt x 248.55226pt.
[14 <./Chapter_analysis/DeDx_PPim.jpg>]
Package epstopdf Info: Source file: <Chapter_analysis/missMass.eps>
(epstopdf)                    date: 2020-09-24 13:34:57
(epstopdf)                    size: 24407 bytes
(epstopdf)             Output file: <Chapter_analysis/missMass-eps-converted-to
.pdf>
(epstopdf)                    date: 2020-09-24 13:35:52
(epstopdf)                    size: 15110 bytes
(epstopdf)             Command: <repstopdf --outfile=Chapter_analysis/missMass-
eps-converted-to.pdf Chapter_analysis/missMass.eps>
(epstopdf)             \includegraphics on input line 110.
Package epstopdf Info: Output file is already uptodate.


pdfTeX warning: pdflatex (file ./Chapter_analysis/missMass-eps-converted-to.pdf
): PDF inclusion: found PDF version <1.7>, but at most version <1.5> allowed
<Chapter_analysis/missMass-eps-converted-to.pdf, id=590, 569.12625pt x 367.3725
pt>
File: Chapter_analysis/missMass-eps-converted-to.pdf Graphic file (type pdf)
<use Chapter_analysis/missMass-eps-converted-to.pdf>
Package pdftex.def Info: Chapter_analysis/missMass-eps-converted-to.pdf  used o
n input line 110.
(pdftex.def)             Requested size: 384.68576pt x 248.32448pt.
<Chapter_analysis/Miss_PPip.jpg, id=594, 293.6571pt x 174.6525pt>
File: Chapter_analysis/Miss_PPip.jpg Graphic file (type jpg)
<use Chapter_analysis/Miss_PPip.jpg>
Package pdftex.def Info: Chapter_analysis/Miss_PPip.jpg  used on input line 120
.
(pdftex.def)             Requested size: 384.68576pt x 228.7911pt.
[15 <./Chapter_analysis/mult-eps-converted-to.pdf>]

Package hyperref Warning: Token not allowed in a PDF string (Unicode):
(hyperref)                removing `math shift' on input line 125.


Package hyperref Warning: Token not allowed in a PDF string (Unicode):
(hyperref)                removing `\Lambda' on input line 125.


Package hyperref Warning: Token not allowed in a PDF string (Unicode):
(hyperref)                removing `superscript' on input line 125.


Package hyperref Warning: Token not allowed in a PDF string (Unicode):
(hyperref)                removing `math shift' on input line 125.

Package epstopdf Info: Source file: <Chapter_analysis/NN.eps>
(epstopdf)                    date: 2020-07-27 15:48:58
(epstopdf)                    size: 688170 bytes
(epstopdf)             Output file: <Chapter_analysis/NN-eps-converted-to.pdf>
(epstopdf)                    date: 2020-07-27 15:50:19
(epstopdf)                    size: 929655 bytes
(epstopdf)             Command: <repstopdf --outfile=Chapter_analysis/NN-eps-co
nverted-to.pdf Chapter_analysis/NN.eps>
(epstopdf)             \includegraphics on input line 129.
Package epstopdf Info: Output file is already uptodate.


pdfTeX warning: pdflatex (file ./Chapter_analysis/NN-eps-converted-to.pdf): PDF
 inclusion: found PDF version <1.7>, but at most version <1.5> allowed
<Chapter_analysis/NN-eps-converted-to.pdf, id=615, 584.1825pt x 426.59375pt>
File: Chapter_analysis/NN-eps-converted-to.pdf Graphic file (type pdf)
<use Chapter_analysis/NN-eps-converted-to.pdf>
Package pdftex.def Info: Chapter_analysis/NN-eps-converted-to.pdf  used on inpu
t line 129.
(pdftex.def)             Requested size: 299.20076pt x 218.49727pt.

LaTeX Warning: `h' float specifier changed to `ht'.

Package epstopdf Info: Source file: <Chapter_analysis/geometria_NN.eps>
(epstopdf)                    date: 2020-07-29 00:26:57
(epstopdf)                    size: 52602 bytes
(epstopdf)             Output file: <Chapter_analysis/geometria_NN-eps-converte
d-to.pdf>
(epstopdf)                    date: 2020-07-29 00:35:28
(epstopdf)                    size: 26068 bytes
(epstopdf)             Command: <repstopdf --outfile=Chapter_analysis/geometria
_NN-eps-converted-to.pdf Chapter_analysis/geometria_NN.eps>
(epstopdf)             \includegraphics on input line 138.
Package epstopdf Info: Output file is already uptodate.


pdfTeX warning: pdflatex (file ./Chapter_analysis/geometria_NN-eps-converted-to
.pdf): PDF inclusion: found PDF version <1.7>, but at most version <1.5> allowe
d
<Chapter_analysis/geometria_NN-eps-converted-to.pdf, id=619, 782.925pt x 515.92
75pt>
File: Chapter_analysis/geometria_NN-eps-converted-to.pdf Graphic file (type pdf
)
<use Chapter_analysis/geometria_NN-eps-converted-to.pdf>
Package pdftex.def Info: Chapter_analysis/geometria_NN-eps-converted-to.pdf  us
ed on input line 138.
(pdftex.def)             Requested size: 299.20076pt x 197.16449pt.

LaTeX Warning: `h' float specifier changed to `ht'.

[16 <./Chapter_analysis/missMass-eps-converted-to.pdf>]
LaTeX Font Info:    Trying to load font information for TS1+ptm on input line 1
46.

(/usr/share/texlive/texmf-dist/tex/latex/psnfss/ts1ptm.fd
File: ts1ptm.fd 2001/06/04 font definitions for TS1/ptm.
) [17 <./Chapter_analysis/Miss_PPip.jpg>]
Package epstopdf Info: Source file: <Chapter_analysis/L1116SB.eps>
(epstopdf)                    date: 2020-07-03 22:31:33
(epstopdf)                    size: 12787 bytes
(epstopdf)             Output file: <Chapter_analysis/L1116SB-eps-converted-to.
pdf>
(epstopdf)                    date: 2020-07-12 18:19:47
(epstopdf)                    size: 14764 bytes
(epstopdf)             Command: <repstopdf --outfile=Chapter_analysis/L1116SB-e
ps-converted-to.pdf Chapter_analysis/L1116SB.eps>
(epstopdf)             \includegraphics on input line 164.
Package epstopdf Info: Output file is already uptodate.


pdfTeX warning: pdflatex (file ./Chapter_analysis/L1116SB-eps-converted-to.pdf)
: PDF inclusion: found PDF version <1.7>, but at most version <1.5> allowed
<Chapter_analysis/L1116SB-eps-converted-to.pdf, id=646, 569.12625pt x 418.56375
pt>
File: Chapter_analysis/L1116SB-eps-converted-to.pdf Graphic file (type pdf)
<use Chapter_analysis/L1116SB-eps-converted-to.pdf>
Package pdftex.def Info: Chapter_analysis/L1116SB-eps-converted-to.pdf  used on
 input line 164.
(pdftex.def)             Requested size: 299.20076pt x 220.05582pt.

LaTeX Warning: `h' float specifier changed to `ht'.


Package hyperref Warning: Token not allowed in a PDF string (Unicode):
(hyperref)                removing `math shift' on input line 170.


Package hyperref Warning: Token not allowed in a PDF string (Unicode):
(hyperref)                removing `\Lambda' on input line 170.


Package hyperref Warning: Token not allowed in a PDF string (Unicode):
(hyperref)                removing `superscript' on input line 170.


Package hyperref Warning: Token not allowed in a PDF string (Unicode):
(hyperref)                removing `superscript' on input line 170.


Package hyperref Warning: Token not allowed in a PDF string (Unicode):
(hyperref)                removing `math shift' on input line 170.

[18 <./Chapter_analysis/NN-eps-converted-to.pdf> <./Chapter_analysis/geometria_
NN-eps-converted-to.pdf>]
Package epstopdf Info: Source file: <Chapter_analysis/K0L0_indeksy.eps>
(epstopdf)                    date: 2020-07-12 23:14:39
(epstopdf)                    size: 150036 bytes
(epstopdf)             Output file: <Chapter_analysis/K0L0_indeksy-eps-converte
d-to.pdf>
(epstopdf)                    date: 2020-07-12 23:17:03
(epstopdf)                    size: 40430 bytes
(epstopdf)             Command: <repstopdf --outfile=Chapter_analysis/K0L0_inde
ksy-eps-converted-to.pdf Chapter_analysis/K0L0_indeksy.eps>
(epstopdf)             \includegraphics on input line 182.
Package epstopdf Info: Output file is already uptodate.


pdfTeX warning: pdflatex (file ./Chapter_analysis/K0L0_indeksy-eps-converted-to
.pdf): PDF inclusion: found PDF version <1.7>, but at most version <1.5> allowe
d
<Chapter_analysis/K0L0_indeksy-eps-converted-to.pdf, id=706, 569.12625pt x 409.
53pt>
File: Chapter_analysis/K0L0_indeksy-eps-converted-to.pdf Graphic file (type pdf
)
<use Chapter_analysis/K0L0_indeksy-eps-converted-to.pdf>
Package pdftex.def Info: Chapter_analysis/K0L0_indeksy-eps-converted-to.pdf  us
ed on input line 182.
(pdftex.def)             Requested size: 470.17729pt x 338.34132pt.

Overfull \hbox (42.74576pt too wide) in paragraph at lines 182--183
 [][] 
 []


LaTeX Warning: `h' float specifier changed to `ht'.


Package hyperref Warning: Token not allowed in a PDF string (Unicode):
(hyperref)                removing `math shift' on input line 189.


Package hyperref Warning: Token not allowed in a PDF string (Unicode):
(hyperref)                removing `\Lambda' on input line 189.


Package hyperref Warning: Token not allowed in a PDF string (Unicode):
(hyperref)                removing `math shift' on input line 189.

Package epstopdf Info: Source file: <Chapter_analysis/geometria.eps>
(epstopdf)                    date: 2020-07-02 23:53:59
(epstopdf)                    size: 41302 bytes
(epstopdf)             Output file: <Chapter_analysis/geometria-eps-converted-t
o.pdf>
(epstopdf)                    date: 2020-07-12 18:19:47
(epstopdf)                    size: 16851 bytes
(epstopdf)             Command: <repstopdf --outfile=Chapter_analysis/geometria
-eps-converted-to.pdf Chapter_analysis/geometria.eps>
(epstopdf)             \includegraphics on input line 194.
Package epstopdf Info: Output file is already uptodate.


pdfTeX warning: pdflatex (file ./Chapter_analysis/geometria-eps-converted-to.pd
f): PDF inclusion: found PDF version <1.7>, but at most version <1.5> allowed
<Chapter_analysis/geometria-eps-converted-to.pdf, id=708, 745.78625pt x 523.957
5pt>
File: Chapter_analysis/geometria-eps-converted-to.pdf Graphic file (type pdf)
<use Chapter_analysis/geometria-eps-converted-to.pdf>
Package pdftex.def Info: Chapter_analysis/geometria-eps-converted-to.pdf  used 
on input line 194.
(pdftex.def)             Requested size: 299.20076pt x 210.2029pt.
[19 <./Chapter_analysis/L1116SB-eps-converted-to.pdf>]
Package epstopdf Info: Source file: <Chapter_analysis/L1520_sig_SB.eps>
(epstopdf)                    date: 2020-07-06 12:59:27
(epstopdf)                    size: 24303 bytes
(epstopdf)             Output file: <Chapter_analysis/L1520_sig_SB-eps-converte
d-to.pdf>
(epstopdf)                    date: 2020-07-12 18:19:47
(epstopdf)                    size: 17808 bytes
(epstopdf)             Command: <repstopdf --outfile=Chapter_analysis/L1520_sig
_SB-eps-converted-to.pdf Chapter_analysis/L1520_sig_SB.eps>
(epstopdf)             \includegraphics on input line 206.
Package epstopdf Info: Output file is already uptodate.


pdfTeX warning: pdflatex (file ./Chapter_analysis/L1520_sig_SB-eps-converted-to
.pdf): PDF inclusion: found PDF version <1.7>, but at most version <1.5> allowe
d
<Chapter_analysis/L1520_sig_SB-eps-converted-to.pdf, id=729, 569.12625pt x 483.
8075pt>
File: Chapter_analysis/L1520_sig_SB-eps-converted-to.pdf Graphic file (type pdf
)
<use Chapter_analysis/L1520_sig_SB-eps-converted-to.pdf>
Package pdftex.def Info: Chapter_analysis/L1520_sig_SB-eps-converted-to.pdf  us
ed on input line 206.
(pdftex.def)             Requested size: 299.20076pt x 254.35709pt.
[20 <./Chapter_analysis/K0L0_indeksy-eps-converted-to.pdf>]

LaTeX Warning: `h' float specifier changed to `ht'.

Package epstopdf Info: Source file: <Chapter_analysis/L1520_sig_Clean.eps>
(epstopdf)                    date: 2020-07-07 23:01:40
(epstopdf)                    size: 82874 bytes
(epstopdf)             Output file: <Chapter_analysis/L1520_sig_Clean-eps-conve
rted-to.pdf>
(epstopdf)                    date: 2020-07-12 18:19:47
(epstopdf)                    size: 26418 bytes
(epstopdf)             Command: <repstopdf --outfile=Chapter_analysis/L1520_sig
_Clean-eps-converted-to.pdf Chapter_analysis/L1520_sig_Clean.eps>
(epstopdf)             \includegraphics on input line 216.
Package epstopdf Info: Output file is already uptodate.


pdfTeX warning: pdflatex (file ./Chapter_analysis/L1520_sig_Clean-eps-converted
-to.pdf): PDF inclusion: found PDF version <1.7>, but at most version <1.5> all
owed
<Chapter_analysis/L1520_sig_Clean-eps-converted-to.pdf, id=757, 569.12625pt x 3
32.24126pt>
File: Chapter_analysis/L1520_sig_Clean-eps-converted-to.pdf Graphic file (type 
pdf)
<use Chapter_analysis/L1520_sig_Clean-eps-converted-to.pdf>
Package pdftex.def Info: Chapter_analysis/L1520_sig_Clean-eps-converted-to.pdf 
 used on input line 216.
(pdftex.def)             Requested size: 384.68576pt x 224.5776pt.

LaTeX Warning: `h' float specifier changed to `ht'.


Overfull \hbox (33.74939pt too wide) in paragraph at lines 221--222
\T1/ptm/m/n/10.95 sig-nal chan-nel was sim-u-lated ac-cord-ing to ex-clu-sive c
ross sec-tion mea-sured by HADES$\OML/cmm/m/it/10.95 ^^[[] \OT1/cmr/m/n/10.95 =

 []

[21 <./Chapter_analysis/geometria-eps-converted-to.pdf>]
Package epstopdf Info: Source file: <Chapter_analysis/WPt.eps>
(epstopdf)                    date: 2020-07-16 16:56:59
(epstopdf)                    size: 46273 bytes
(epstopdf)             Output file: <Chapter_analysis/WPt-eps-converted-to.pdf>

(epstopdf)                    date: 2020-07-16 16:58:10
(epstopdf)                    size: 15488 bytes
(epstopdf)             Command: <repstopdf --outfile=Chapter_analysis/WPt-eps-c
onverted-to.pdf Chapter_analysis/WPt.eps>
(epstopdf)             \includegraphics on input line 226.
Package epstopdf Info: Output file is already uptodate.


pdfTeX warning: pdflatex (file ./Chapter_analysis/WPt-eps-converted-to.pdf): PD
F inclusion: found PDF version <1.7>, but at most version <1.5> allowed
<Chapter_analysis/WPt-eps-converted-to.pdf, id=782, 844.15375pt x 501.875pt>
File: Chapter_analysis/WPt-eps-converted-to.pdf Graphic file (type pdf)
<use Chapter_analysis/WPt-eps-converted-to.pdf>
Package pdftex.def Info: Chapter_analysis/WPt-eps-converted-to.pdf  used on inp
ut line 226.
(pdftex.def)             Requested size: 384.68576pt x 228.7134pt.

LaTeX Warning: `h' float specifier changed to `ht'.


Package hyperref Warning: Token not allowed in a PDF string (Unicode):
(hyperref)                removing `math shift' on input line 233.


Package hyperref Warning: Token not allowed in a PDF string (Unicode):
(hyperref)                removing `\pi' on input line 233.


Package hyperref Warning: Token not allowed in a PDF string (Unicode):
(hyperref)                removing `superscript' on input line 233.


Package hyperref Warning: Token not allowed in a PDF string (Unicode):
(hyperref)                removing `\pi' on input line 233.


Package hyperref Warning: Token not allowed in a PDF string (Unicode):
(hyperref)                removing `superscript' on input line 233.


Package hyperref Warning: Token not allowed in a PDF string (Unicode):
(hyperref)                removing `math shift' on input line 233.

Package epstopdf Info: Source file: <Chapter_analysis/PipPim.eps>
(epstopdf)                    date: 2020-07-12 18:19:47
(epstopdf)                    size: 13318 bytes
(epstopdf)             Output file: <Chapter_analysis/PipPim-eps-converted-to.p
df>
(epstopdf)                    date: 2020-07-12 18:19:47
(epstopdf)                    size: 8874 bytes
(epstopdf)             Command: <repstopdf --outfile=Chapter_analysis/PipPim-ep
s-converted-to.pdf Chapter_analysis/PipPim.eps>
(epstopdf)             \includegraphics on input line 237.
Package epstopdf Info: Output file is already uptodate.


pdfTeX warning: pdflatex (file ./Chapter_analysis/PipPim-eps-converted-to.pdf):
 PDF inclusion: found PDF version <1.7>, but at most version <1.5> allowed
<Chapter_analysis/PipPim-eps-converted-to.pdf, id=784, 569.12625pt x 367.3725pt
>
File: Chapter_analysis/PipPim-eps-converted-to.pdf Graphic file (type pdf)
<use Chapter_analysis/PipPim-eps-converted-to.pdf>
Package pdftex.def Info: Chapter_analysis/PipPim-eps-converted-to.pdf  used on 
input line 237.
(pdftex.def)             Requested size: 384.68576pt x 248.32448pt.

LaTeX Warning: `h' float specifier changed to `ht'.

[22 <./Chapter_analysis/L1520_sig_SB-eps-converted-to.pdf>]
<Chapter_analysis/systematics_SB.png, id=804, 786.94pt x 442.65375pt>
File: Chapter_analysis/systematics_SB.png Graphic file (type png)
<use Chapter_analysis/systematics_SB.png>
Package pdftex.def Info: Chapter_analysis/systematics_SB.png  used on input lin
e 265.
(pdftex.def)             Requested size: 384.68576pt x 216.38214pt.
<Chapter_analysis/systematics_NN.png, id=805, 782.925pt x 481.8pt>
File: Chapter_analysis/systematics_NN.png Graphic file (type png)
<use Chapter_analysis/systematics_NN.png>
Package pdftex.def Info: Chapter_analysis/systematics_NN.png  used on input lin
e 271.
(pdftex.def)             Requested size: 384.68576pt x 236.731pt.
<Chapter_analysis/systematics_PV-SV.png, id=806, 634.37pt x 424.58624pt>
File: Chapter_analysis/systematics_PV-SV.png Graphic file (type png)
<use Chapter_analysis/systematics_PV-SV.png>
Package pdftex.def Info: Chapter_analysis/systematics_PV-SV.png  used on input 
line 277.
(pdftex.def)             Requested size: 384.68576pt x 257.48122pt.
<Chapter_analysis/systematics_OA.png, id=807, 649.42625pt x 413.545pt>
File: Chapter_analysis/systematics_OA.png Graphic file (type png)
<use Chapter_analysis/systematics_OA.png>
Package pdftex.def Info: Chapter_analysis/systematics_OA.png  used on input lin
e 283.
(pdftex.def)             Requested size: 384.68576pt x 244.9675pt.
)
(./Chapter_analysisPNb/analysisPNb.tex [23 <./Chapter_analysis/L1520_sig_Clean-
eps-converted-to.pdf>] [24 <./Chapter_analysis/WPt-eps-converted-to.pdf> <./Cha
pter_analysis/PipPim-eps-converted-to.pdf>] [25 <./Chapter_analysis/systematics
_SB.png> <./Chapter_analysis/systematics_NN.png>] [26 <./Chapter_analysis/syste
matics_PV-SV.png> <./Chapter_analysis/systematics_OA.png>]
Chapter 4.
Package epstopdf Info: Source file: <Chapter_analysisPNb/target_pNb.eps>
(epstopdf)                    date: 2020-08-07 11:26:44
(epstopdf)                    size: 1806324 bytes
(epstopdf)             Output file: <Chapter_analysisPNb/target_pNb-eps-convert
ed-to.pdf>
(epstopdf)                    date: 2020-08-07 12:24:30
(epstopdf)                    size: 773800 bytes
(epstopdf)             Command: <repstopdf --outfile=Chapter_analysisPNb/target
_pNb-eps-converted-to.pdf Chapter_analysisPNb/target_pNb.eps>
(epstopdf)             \includegraphics on input line 10.
Package epstopdf Info: Output file is already uptodate.


pdfTeX warning: pdflatex (file ./Chapter_analysisPNb/target_pNb-eps-converted-t
o.pdf): PDF inclusion: found PDF version <1.7>, but at most version <1.5> allow
ed
<Chapter_analysisPNb/target_pNb-eps-converted-to.pdf, id=875, 582.175pt x 541.0
2126pt>
File: Chapter_analysisPNb/target_pNb-eps-converted-to.pdf Graphic file (type pd
f)
<use Chapter_analysisPNb/target_pNb-eps-converted-to.pdf>
Package pdftex.def Info: Chapter_analysisPNb/target_pNb-eps-converted-to.pdf  u
sed on input line 10.
(pdftex.def)             Requested size: 299.20076pt x 278.05531pt.

Package hyperref Warning: Token not allowed in a PDF string (Unicode):
(hyperref)                removing `math shift' on input line 22.


Package hyperref Warning: Token not allowed in a PDF string (Unicode):
(hyperref)                removing `\Lambda' on input line 22.


Package hyperref Warning: Token not allowed in a PDF string (Unicode):
(hyperref)                removing `superscript' on input line 22.


Package hyperref Warning: Token not allowed in a PDF string (Unicode):
(hyperref)                removing `math shift' on input line 22.

Package epstopdf Info: Source file: <Chapter_analysisPNb/Lz.eps>
(epstopdf)                    date: 2020-07-13 21:07:31
(epstopdf)                    size: 16879 bytes
(epstopdf)             Output file: <Chapter_analysisPNb/Lz-eps-converted-to.pd
f>
(epstopdf)                    date: 2020-07-13 23:02:03
(epstopdf)                    size: 17005 bytes
(epstopdf)             Command: <repstopdf --outfile=Chapter_analysisPNb/Lz-eps
-converted-to.pdf Chapter_analysisPNb/Lz.eps>
(epstopdf)             \includegraphics on input line 26.
Package epstopdf Info: Output file is already uptodate.


pdfTeX warning: pdflatex (file ./Chapter_analysisPNb/Lz-eps-converted-to.pdf): 
PDF inclusion: found PDF version <1.7>, but at most version <1.5> allowed
<Chapter_analysisPNb/Lz-eps-converted-to.pdf, id=878, 569.12625pt x 367.3725pt>

File: Chapter_analysisPNb/Lz-eps-converted-to.pdf Graphic file (type pdf)
<use Chapter_analysisPNb/Lz-eps-converted-to.pdf>
Package pdftex.def Info: Chapter_analysisPNb/Lz-eps-converted-to.pdf  used on i
nput line 26.
(pdftex.def)             Requested size: 299.20076pt x 193.1425pt.
[27

]

Package hyperref Warning: Token not allowed in a PDF string (Unicode):
(hyperref)                removing `math shift' on input line 31.


Package hyperref Warning: Token not allowed in a PDF string (Unicode):
(hyperref)                removing `\Lambda' on input line 31.


Package hyperref Warning: Token not allowed in a PDF string (Unicode):
(hyperref)                removing `superscript' on input line 31.


Package hyperref Warning: Token not allowed in a PDF string (Unicode):
(hyperref)                removing `superscript' on input line 31.


Package hyperref Warning: Token not allowed in a PDF string (Unicode):
(hyperref)                removing `math shift' on input line 31.

Package epstopdf Info: Source file: <Chapter_analysisPNb/LK0.eps>
(epstopdf)                    date: 2020-07-13 21:07:31
(epstopdf)                    size: 42603 bytes
(epstopdf)             Output file: <Chapter_analysisPNb/LK0-eps-converted-to.p
df>
(epstopdf)                    date: 2020-07-13 23:02:04
(epstopdf)                    size: 25937 bytes
(epstopdf)             Command: <repstopdf --outfile=Chapter_analysisPNb/LK0-ep
s-converted-to.pdf Chapter_analysisPNb/LK0.eps>
(epstopdf)             \includegraphics on input line 40.
Package epstopdf Info: Output file is already uptodate.


pdfTeX warning: pdflatex (file ./Chapter_analysisPNb/LK0-eps-converted-to.pdf):
 PDF inclusion: found PDF version <1.7>, but at most version <1.5> allowed
<Chapter_analysisPNb/LK0-eps-converted-to.pdf, id=888, 569.12625pt x 367.3725pt
>
File: Chapter_analysisPNb/LK0-eps-converted-to.pdf Graphic file (type pdf)
<use Chapter_analysisPNb/LK0-eps-converted-to.pdf>
Package pdftex.def Info: Chapter_analysisPNb/LK0-eps-converted-to.pdf  used on 
input line 40.
(pdftex.def)             Requested size: 384.68576pt x 248.32448pt.
[28 <./Chapter_analysisPNb/target_pNb-eps-converted-to.pdf>]

Package hyperref Warning: Token not allowed in a PDF string (Unicode):
(hyperref)                removing `math shift' on input line 45.


Package hyperref Warning: Token not allowed in a PDF string (Unicode):
(hyperref)                removing `\Lambda' on input line 45.


Package hyperref Warning: Token not allowed in a PDF string (Unicode):
(hyperref)                removing `math shift' on input line 45.

[29 <./Chapter_analysisPNb/Lz-eps-converted-to.pdf> <./Chapter_analysisPNb/LK0-
eps-converted-to.pdf>]
Package epstopdf Info: Source file: <Chapter_analysisPNb/L1520.eps>
(epstopdf)                    date: 2020-07-13 21:07:31
(epstopdf)                    size: 28799 bytes
(epstopdf)             Output file: <Chapter_analysisPNb/L1520-eps-converted-to
.pdf>
(epstopdf)                    date: 2020-07-13 23:02:04
(epstopdf)                    size: 25185 bytes
(epstopdf)             Command: <repstopdf --outfile=Chapter_analysisPNb/L1520-
eps-converted-to.pdf Chapter_analysisPNb/L1520.eps>
(epstopdf)             \includegraphics on input line 69.
Package epstopdf Info: Output file is already uptodate.


pdfTeX warning: pdflatex (file ./Chapter_analysisPNb/L1520-eps-converted-to.pdf
): PDF inclusion: found PDF version <1.7>, but at most version <1.5> allowed
<Chapter_analysisPNb/L1520-eps-converted-to.pdf, id=931, 569.12625pt x 367.3725
pt>
File: Chapter_analysisPNb/L1520-eps-converted-to.pdf Graphic file (type pdf)
<use Chapter_analysisPNb/L1520-eps-converted-to.pdf>
Package pdftex.def Info: Chapter_analysisPNb/L1520-eps-converted-to.pdf  used o
n input line 69.
(pdftex.def)             Requested size: 384.68576pt x 248.32448pt.
Package epstopdf Info: Source file: <Chapter_analysisPNb/YPt.eps>
(epstopdf)                    date: 2020-07-13 21:07:31
(epstopdf)                    size: 46965 bytes
(epstopdf)             Output file: <Chapter_analysisPNb/YPt-eps-converted-to.p
df>
(epstopdf)                    date: 2020-07-13 23:02:04
(epstopdf)                    size: 13080 bytes
(epstopdf)             Command: <repstopdf --outfile=Chapter_analysisPNb/YPt-ep
s-converted-to.pdf Chapter_analysisPNb/YPt.eps>
(epstopdf)             \includegraphics on input line 76.
Package epstopdf Info: Output file is already uptodate.


pdfTeX warning: pdflatex (file ./Chapter_analysisPNb/YPt-eps-converted-to.pdf):
 PDF inclusion: found PDF version <1.7>, but at most version <1.5> allowed
<Chapter_analysisPNb/YPt-eps-converted-to.pdf, id=932, 538.01pt x 328.22626pt>
File: Chapter_analysisPNb/YPt-eps-converted-to.pdf Graphic file (type pdf)
<use Chapter_analysisPNb/YPt-eps-converted-to.pdf>
Package pdftex.def Info: Chapter_analysisPNb/YPt-eps-converted-to.pdf  used on 
input line 76.
(pdftex.def)             Requested size: 384.68576pt x 234.69pt.
) (./Chapter_NN/NN.tex [30] [31 <./Chapter_analysisPNb/L1520-eps-converted-to.p
df> <./Chapter_analysisPNb/YPt-eps-converted-to.pdf>] [32

]
Chapter 5.
Package epstopdf Info: Source file: <Chapter_NN/data_flow.eps>
(epstopdf)                    date: 2020-07-31 16:47:07
(epstopdf)                    size: 393138 bytes
(epstopdf)             Output file: <Chapter_NN/data_flow-eps-converted-to.pdf>

(epstopdf)                    date: 2020-07-31 16:51:50
(epstopdf)                    size: 886226 bytes
(epstopdf)             Command: <repstopdf --outfile=Chapter_NN/data_flow-eps-c
onverted-to.pdf Chapter_NN/data_flow.eps>
(epstopdf)             \includegraphics on input line 15.
Package epstopdf Info: Output file is already uptodate.


pdfTeX warning: pdflatex (file ./Chapter_NN/data_flow-eps-converted-to.pdf): PD
F inclusion: found PDF version <1.7>, but at most version <1.5> allowed
<Chapter_NN/data_flow-eps-converted-to.pdf, id=970, 960.58875pt x 412.54124pt>
File: Chapter_NN/data_flow-eps-converted-to.pdf Graphic file (type pdf)
<use Chapter_NN/data_flow-eps-converted-to.pdf>
Package pdftex.def Info: Chapter_NN/data_flow-eps-converted-to.pdf  used on inp
ut line 15.
(pdftex.def)             Requested size: 427.43153pt x 183.57083pt.
[33]
Package epstopdf Info: Source file: <Chapter_NN/ROC.eps>
(epstopdf)                    date: 2020-07-31 17:06:21
(epstopdf)                    size: 571971 bytes
(epstopdf)             Output file: <Chapter_NN/ROC-eps-converted-to.pdf>
(epstopdf)                    date: 2020-07-31 17:11:56
(epstopdf)                    size: 968862 bytes
(epstopdf)             Command: <repstopdf --outfile=Chapter_NN/ROC-eps-convert
ed-to.pdf Chapter_NN/ROC.eps>
(epstopdf)             \includegraphics on input line 28.
Package epstopdf Info: Output file is already uptodate.


pdfTeX warning: pdflatex (file ./Chapter_NN/ROC-eps-converted-to.pdf): PDF incl
usion: found PDF version <1.7>, but at most version <1.5> allowed
<Chapter_NN/ROC-eps-converted-to.pdf, id=975, 803.0pt x 583.17876pt>
File: Chapter_NN/ROC-eps-converted-to.pdf Graphic file (type pdf)
<use Chapter_NN/ROC-eps-converted-to.pdf>
Package pdftex.def Info: Chapter_NN/ROC-eps-converted-to.pdf  used on input lin
e 28.
(pdftex.def)             Requested size: 299.20076pt x 217.29442pt.
[34 <./Chapter_NN/data_flow-eps-converted-to.pdf>] [35 <./Chapter_NN/ROC-eps-co
nverted-to.pdf>]
Package epstopdf Info: Source file: <Chapter_NN/setAB.eps>
(epstopdf)                    date: 2020-03-14 20:19:55
(epstopdf)                    size: 31780 bytes
(epstopdf)             Output file: <Chapter_NN/setAB-eps-converted-to.pdf>
(epstopdf)                    date: 2020-03-14 20:20:45
(epstopdf)                    size: 10991 bytes
(epstopdf)             Command: <repstopdf --outfile=Chapter_NN/setAB-eps-conve
rted-to.pdf Chapter_NN/setAB.eps>
(epstopdf)             \includegraphics on input line 57.
Package epstopdf Info: Output file is already uptodate.


pdfTeX warning: pdflatex (file ./Chapter_NN/setAB-eps-converted-to.pdf): PDF in
clusion: found PDF version <1.7>, but at most version <1.5> allowed
<Chapter_NN/setAB-eps-converted-to.pdf, id=1002, 530.98375pt x 554.07pt>
File: Chapter_NN/setAB-eps-converted-to.pdf Graphic file (type pdf)
<use Chapter_NN/setAB-eps-converted-to.pdf>
Package pdftex.def Info: Chapter_NN/setAB-eps-converted-to.pdf  used on input l
ine 57.
(pdftex.def)             Requested size: 213.71576pt x 223.01059pt.
Package epstopdf Info: Source file: <Chapter_NN/L1116.eps>
(epstopdf)                    date: 2020-05-30 21:57:01
(epstopdf)                    size: 442648 bytes
(epstopdf)             Output file: <Chapter_NN/L1116-eps-converted-to.pdf>
(epstopdf)                    date: 2020-07-12 18:19:47
(epstopdf)                    size: 638627 bytes
(epstopdf)             Command: <repstopdf --outfile=Chapter_NN/L1116-eps-conve
rted-to.pdf Chapter_NN/L1116.eps>
(epstopdf)             \includegraphics on input line 68.
Package epstopdf Info: Output file is already uptodate.


pdfTeX warning: pdflatex (file ./Chapter_NN/L1116-eps-converted-to.pdf): PDF in
clusion: found PDF version <1.7>, but at most version <1.5> allowed
<Chapter_NN/L1116-eps-converted-to.pdf, id=1005, 797.98125pt x 590.205pt>
File: Chapter_NN/L1116-eps-converted-to.pdf Graphic file (type pdf)
<use Chapter_NN/L1116-eps-converted-to.pdf>
Package pdftex.def Info: Chapter_NN/L1116-eps-converted-to.pdf  used on input l
ine 68.
(pdftex.def)             Requested size: 341.94652pt x 252.90964pt.
[36 <./Chapter_NN/setAB-eps-converted-to.pdf>]
Package epstopdf Info: Source file: <Chapter_NN/NN_wyniki.eps>
(epstopdf)                    date: 2020-06-01 16:49:48
(epstopdf)                    size: 94483 bytes
(epstopdf)             Output file: <Chapter_NN/NN_wyniki-eps-converted-to.pdf>

(epstopdf)                    date: 2020-07-12 18:19:47
(epstopdf)                    size: 73916 bytes
(epstopdf)             Command: <repstopdf --outfile=Chapter_NN/NN_wyniki-eps-c
onverted-to.pdf Chapter_NN/NN_wyniki.eps>
(epstopdf)             \includegraphics on input line 87.
Package epstopdf Info: Output file is already uptodate.


pdfTeX warning: pdflatex (file ./Chapter_NN/NN_wyniki-eps-converted-to.pdf): PD
F inclusion: found PDF version <1.7>, but at most version <1.5> allowed
<Chapter_NN/NN_wyniki-eps-converted-to.pdf, id=1022, 793.96625pt x 316.18124pt>

File: Chapter_NN/NN_wyniki-eps-converted-to.pdf Graphic file (type pdf)
<use Chapter_NN/NN_wyniki-eps-converted-to.pdf>
Package pdftex.def Info: Chapter_NN/NN_wyniki-eps-converted-to.pdf  used on inp
ut line 87.
(pdftex.def)             Requested size: 384.68576pt x 153.19815pt.
[37 <./Chapter_NN/L1116-eps-converted-to.pdf>])
(./Chapter_simulation/simulation.tex [38 <./Chapter_NN/NN_wyniki-eps-converted-
to.pdf>]
Chapter 6.

Package hyperref Warning: Token not allowed in a PDF string (Unicode):
(hyperref)                removing `math shift' on input line 7.


Package hyperref Warning: Token not allowed in a PDF string (Unicode):
(hyperref)                removing `\Lambda' on input line 7.


Package hyperref Warning: Token not allowed in a PDF string (Unicode):
(hyperref)                removing `superscript' on input line 7.


Package hyperref Warning: Token not allowed in a PDF string (Unicode):
(hyperref)                removing `math shift' on input line 7.

[39

]

Package hyperref Warning: Token not allowed in a PDF string (Unicode):
(hyperref)                removing `math shift' on input line 15.


Package hyperref Warning: Token not allowed in a PDF string (Unicode):
(hyperref)                removing `\Sigma' on input line 15.


Package hyperref Warning: Token not allowed in a PDF string (Unicode):
(hyperref)                removing `superscript' on input line 15.


Package hyperref Warning: Token not allowed in a PDF string (Unicode):
(hyperref)                removing `math shift' on input line 15.

Package epstopdf Info: Source file: <Chapter_simulation/LtoS.eps>
(epstopdf)                    date: 2020-10-01 19:52:09
(epstopdf)                    size: 604273 bytes
(epstopdf)             Output file: <Chapter_simulation/LtoS-eps-converted-to.p
df>
(epstopdf)                    date: 2020-10-01 19:53:30
(epstopdf)                    size: 532530 bytes
(epstopdf)             Command: <repstopdf --outfile=Chapter_simulation/LtoS-ep
s-converted-to.pdf Chapter_simulation/LtoS.eps>
(epstopdf)             \includegraphics on input line 18.
Package epstopdf Info: Output file is already uptodate.


pdfTeX warning: pdflatex (file ./Chapter_simulation/LtoS-eps-converted-to.pdf):
 PDF inclusion: found PDF version <1.7>, but at most version <1.5> allowed
<Chapter_simulation/LtoS-eps-converted-to.pdf, id=1071, 764.8575pt x 621.32124p
t>
File: Chapter_simulation/LtoS-eps-converted-to.pdf Graphic file (type pdf)
<use Chapter_simulation/LtoS-eps-converted-to.pdf>
Package pdftex.def Info: Chapter_simulation/LtoS-eps-converted-to.pdf  used on 
input line 18.
(pdftex.def)             Requested size: 256.46152pt x 208.33589pt.
[40 <./Chapter_simulation/LtoS-eps-converted-to.pdf>]
Package epstopdf Info: Source file: <Chapter_simulation/all_CS.eps>
(epstopdf)                    date: 2020-04-07 14:56:45
(epstopdf)                    size: 60717 bytes
(epstopdf)             Output file: <Chapter_simulation/all_CS-eps-converted-to
.pdf>
(epstopdf)                    date: 2020-04-07 15:03:17
(epstopdf)                    size: 25751 bytes
(epstopdf)             Command: <repstopdf --outfile=Chapter_simulation/all_CS-
eps-converted-to.pdf Chapter_simulation/all_CS.eps>
(epstopdf)             \includegraphics on input line 50.
Package epstopdf Info: Output file is already uptodate.


pdfTeX warning: pdflatex (file ./Chapter_simulation/all_CS-eps-converted-to.pdf
): PDF inclusion: found PDF version <1.7>, but at most version <1.5> allowed
<Chapter_simulation/all_CS-eps-converted-to.pdf, id=1093, 1227.58624pt x 465.74
pt>
File: Chapter_simulation/all_CS-eps-converted-to.pdf Graphic file (type pdf)
<use Chapter_simulation/all_CS-eps-converted-to.pdf>
Package pdftex.def Info: Chapter_simulation/all_CS-eps-converted-to.pdf  used o
n input line 50.
(pdftex.def)             Requested size: 384.68576pt x 145.94846pt.

Package hyperref Warning: Token not allowed in a PDF string (Unicode):
(hyperref)                removing `math shift' on input line 55.


Package hyperref Warning: Token not allowed in a PDF string (Unicode):
(hyperref)                removing `\Lambda' on input line 55.


Package hyperref Warning: Token not allowed in a PDF string (Unicode):
(hyperref)                removing `math shift' on input line 55.


Package hyperref Warning: Token not allowed in a PDF string (Unicode):
(hyperref)                removing `math shift' on input line 55.


Package hyperref Warning: Token not allowed in a PDF string (Unicode):
(hyperref)                removing `\Lambda' on input line 55.


Package hyperref Warning: Token not allowed in a PDF string (Unicode):
(hyperref)                removing `math shift' on input line 55.


Package hyperref Warning: Token not allowed in a PDF string (Unicode):
(hyperref)                removing `math shift' on input line 55.


Package hyperref Warning: Token not allowed in a PDF string (Unicode):
(hyperref)                removing `\Sigma' on input line 55.


Package hyperref Warning: Token not allowed in a PDF string (Unicode):
(hyperref)                removing `superscript' on input line 55.


Package hyperref Warning: Token not allowed in a PDF string (Unicode):
(hyperref)                removing `math shift' on input line 55.

[41 <./Chapter_simulation/all_CS-eps-converted-to.pdf>]

Package hyperref Warning: Token not allowed in a PDF string (Unicode):
(hyperref)                removing `math shift' on input line 73.


Package hyperref Warning: Token not allowed in a PDF string (Unicode):
(hyperref)                removing `\Xi' on input line 73.


Package hyperref Warning: Token not allowed in a PDF string (Unicode):
(hyperref)                removing `superscript' on input line 73.


Package hyperref Warning: Token not allowed in a PDF string (Unicode):
(hyperref)                removing `math shift' on input line 73.

[42] [43] [44]) (./Chapter_conclusions/conclusions.tex [45] [46

]
Chapter 7.
) [47] [48

] (./main.bbl
LaTeX Font Info:    Trying to load font information for T1+pcr on input line 14
.

(/usr/share/texlive/texmf-dist/tex/latex/psnfss/t1pcr.fd
File: t1pcr.fd 2001/06/04 font definitions for T1/pcr.
) [49



] [50] [51])

Package caption Warning: Unused \captionsetup[sub] on input line 55.
See the caption package documentation for explanation.

[52]
Package atveryend Info: Empty hook `BeforeClearDocument' on input line 323.
Package atveryend Info: Empty hook `AfterLastShipout' on input line 323.
 (./main.aux)
Package atveryend Info: Executing hook `AtVeryEndDocument' on input line 323.
Package atveryend Info: Executing hook `AtEndAfterFileList' on input line 323.
Package rerunfilecheck Info: File `main.out' has not changed.
(rerunfilecheck)             Checksum: 59A2ED882E09F6C97288B99801BD1FF3;11069.
Package atveryend Info: Empty hook `AtVeryVeryEnd' on input line 323.
 ) 
Here is how much of TeX's memory you used:
 35755 strings out of 481239
 698722 string characters out of 5920377
 1089003 words of memory out of 5000000
 50005 multiletter control sequences out of 15000+600000
 598279 words of font info for 115 fonts, out of 8000000 for 9000
 1143 hyphenation exceptions out of 8191
 60i,13n,80p,1569b,1052s stack positions out of 5000i,500n,10000p,200000b,80000s
{/usr/share/texlive/texmf-dist/fonts/enc/dvips/base/8r.enc}</usr/share/texliv
e/texmf-dist/fonts/type1/public/amsfonts/cm/cmbx10.pfb></usr/share/texlive/texm
f-dist/fonts/type1/public/amsfonts/cm/cmex10.pfb></usr/share/texlive/texmf-dist
/fonts/type1/public/amsfonts/cm/cmmi10.pfb></usr/share/texlive/texmf-dist/fonts
/type1/public/amsfonts/cm/cmmi12.pfb></usr/share/texlive/texmf-dist/fonts/type1
/public/amsfonts/cm/cmmi6.pfb></usr/share/texlive/texmf-dist/fonts/type1/public
/amsfonts/cm/cmmi7.pfb></usr/share/texlive/texmf-dist/fonts/type1/public/amsfon
ts/cm/cmmi8.pfb></usr/share/texlive/texmf-dist/fonts/type1/public/amsfonts/cm/c
mr10.pfb></usr/share/texlive/texmf-dist/fonts/type1/public/amsfonts/cm/cmr12.pf
b></usr/share/texlive/texmf-dist/fonts/type1/public/amsfonts/cm/cmr5.pfb></usr/
share/texlive/texmf-dist/fonts/type1/public/amsfonts/cm/cmr6.pfb></usr/share/te
xlive/texmf-dist/fonts/type1/public/amsfonts/cm/cmr7.pfb></usr/share/texlive/te
xmf-dist/fonts/type1/public/amsfonts/cm/cmr8.pfb></usr/share/texlive/texmf-dist
/fonts/type1/public/amsfonts/cm/cmsy10.pfb></usr/share/texlive/texmf-dist/fonts
/type1/public/amsfonts/cm/cmsy5.pfb></usr/share/texlive/texmf-dist/fonts/type1/
public/amsfonts/cm/cmsy6.pfb></usr/share/texlive/texmf-dist/fonts/type1/public/
amsfonts/cm/cmsy7.pfb></usr/share/texlive/texmf-dist/fonts/type1/public/amsfont
s/cm/cmsy8.pfb></usr/share/texlive/texmf-dist/fonts/type1/public/amsfonts/symbo
ls/msbm10.pfb></usr/share/texlive/texmf-dist/fonts/type1/urw/courier/ucrr8a.pfb
></usr/share/texlive/texmf-dist/fonts/type1/urw/times/utmb8a.pfb></usr/share/te
xlive/texmf-dist/fonts/type1/urw/times/utmr8a.pfb></usr/share/texlive/texmf-dis
t/fonts/type1/urw/times/utmri8a.pfb>
Output written on main.pdf (64 pages, 24879937 bytes).
PDF statistics:
 1400 PDF objects out of 1440 (max. 8388607)
 1125 compressed objects within 12 object streams
 231 named destinations out of 1000 (max. 500000)
 651 words of extra memory for PDF output out of 10000 (max. 10000000)

